[0.057s] Invoking command in '/home/zyme/ros_ws/Autoware_sim_test/build/tier4_pcl_extensions': AMENT_PREFIX_PATH=/home/zyme/ros_ws/Autoware_sim_test/install/autoware_cmake:/home/zyme/ros_ws/Autoware_sim_test/install/autoware_lint_common:${AMENT_PREFIX_PATH} CMAKE_PREFIX_PATH=/home/zyme/ros_ws/Autoware_sim_test/install/autoware_cmake:/home/zyme/ros_ws/Autoware_sim_test/install/autoware_lint_common:/opt/ros/humble /usr/bin/cmake /home/zyme/ros_ws/Autoware_sim_test/src/autoware/src/universe/autoware.universe/sensing/tier4_pcl_extensions -DCMAKE_BUILD_TYPE=Release -DCMAKE_CXX_FLAGS=-w -DAMENT_CMAKE_SYMLINK_INSTALL=1 -DCMAKE_INSTALL_PREFIX=/home/zyme/ros_ws/Autoware_sim_test/install/tier4_pcl_extensions
[0.107s] -- The C compiler identification is GNU 11.4.0
[0.161s] -- The CXX compiler identification is GNU 11.4.0
[0.168s] -- Detecting C compiler ABI info
[0.237s] -- Detecting C compiler ABI info - done
[0.244s] -- Check for working C compiler: /usr/bin/cc - skipped
[0.244s] -- Detecting C compile features
[0.244s] -- Detecting C compile features - done
[0.247s] -- Detecting CXX compiler ABI info
[0.322s] -- Detecting CXX compiler ABI info - done
[0.330s] -- Check for working CXX compiler: /usr/bin/c++ - skipped
[0.330s] -- Detecting CXX compile features
[0.330s] -- Detecting CXX compile features - done
[0.331s] -- Found autoware_cmake: 0.1.0 (/home/zyme/ros_ws/Autoware_sim_test/install/autoware_cmake/share/autoware_cmake/cmake)
[0.477s] -- Found Python3: /usr/bin/python3 (found version "3.10.12") found components: Interpreter 
[0.538s] -- Override CMake install command with custom implementation using symlinks instead of copying resources
[0.665s] -- Found ament_lint_auto: 0.12.10 (/opt/ros/humble/share/ament_lint_auto/cmake)
[0.685s] -- Checking for module 'eigen3'
[0.697s] --   Found eigen3, version 3.4.0
[0.727s] -- Found Eigen: /usr/include/eigen3 (Required is at least version "3.1") 
[0.727s] -- Eigen found (include: /usr/include/eigen3, version: 3.4.0)
[0.746s] -- Found Boost: /usr/lib/x86_64-linux-gnu/cmake/Boost-1.74.0/BoostConfig.cmake (found suitable version "1.74.0", minimum required is "1.65.0") found components: system filesystem date_time iostreams serialization 
[0.747s] -- looking for PCL_COMMON
[0.751s] -- Found PCL_COMMON: /usr/lib/x86_64-linux-gnu/libpcl_common.so  
[0.751s] -- Found PCL: pcl_common;Boost::system;Boost::filesystem;Boost::date_time;Boost::iostreams;Boost::serialization  
[0.758s] -- Found Eigen3: TRUE (found version "3.4.0") 
[0.765s] -- Added test 'copyright' to check source files copyright and LICENSE
[0.766s] -- Added test 'cppcheck' to perform static code analysis on C / C++ code
[0.766s] -- Configured cppcheck include dirs: /home/zyme/ros_ws/Autoware_sim_test/src/autoware/src/universe/autoware.universe/sensing/tier4_pcl_extensions/include
[0.766s] -- Configured cppcheck exclude dirs and/or files: 
[0.767s] -- Added test 'lint_cmake' to check CMake code style
[0.767s] -- Added test 'xmllint' to check XML markup files
[0.770s] -- Configuring done
[0.776s] -- Generating done
[0.777s] -- Build files have been written to: /home/zyme/ros_ws/Autoware_sim_test/build/tier4_pcl_extensions
[0.782s] Invoked command in '/home/zyme/ros_ws/Autoware_sim_test/build/tier4_pcl_extensions' returned '0': AMENT_PREFIX_PATH=/home/zyme/ros_ws/Autoware_sim_test/install/autoware_cmake:/home/zyme/ros_ws/Autoware_sim_test/install/autoware_lint_common:${AMENT_PREFIX_PATH} CMAKE_PREFIX_PATH=/home/zyme/ros_ws/Autoware_sim_test/install/autoware_cmake:/home/zyme/ros_ws/Autoware_sim_test/install/autoware_lint_common:/opt/ros/humble /usr/bin/cmake /home/zyme/ros_ws/Autoware_sim_test/src/autoware/src/universe/autoware.universe/sensing/tier4_pcl_extensions -DCMAKE_BUILD_TYPE=Release -DCMAKE_CXX_FLAGS=-w -DAMENT_CMAKE_SYMLINK_INSTALL=1 -DCMAKE_INSTALL_PREFIX=/home/zyme/ros_ws/Autoware_sim_test/install/tier4_pcl_extensions
[0.783s] Invoking command in '/home/zyme/ros_ws/Autoware_sim_test/build/tier4_pcl_extensions': AMENT_PREFIX_PATH=/home/zyme/ros_ws/Autoware_sim_test/install/autoware_cmake:/home/zyme/ros_ws/Autoware_sim_test/install/autoware_lint_common:${AMENT_PREFIX_PATH} CMAKE_PREFIX_PATH=/home/zyme/ros_ws/Autoware_sim_test/install/autoware_cmake:/home/zyme/ros_ws/Autoware_sim_test/install/autoware_lint_common:/opt/ros/humble /usr/bin/cmake --build /home/zyme/ros_ws/Autoware_sim_test/build/tier4_pcl_extensions -- -j12 -l12
[0.830s] [ 50%] [32mBuilding CXX object CMakeFiles/tier4_pcl_extensions.dir/src/voxel_grid_nearest_centroid.cpp.o[0m
[1.775s] In file included from [01m[K/home/zyme/ros_ws/Autoware_sim_test/src/autoware/src/universe/autoware.universe/sensing/tier4_pcl_extensions/src/voxel_grid_nearest_centroid.cpp:52[m[K:
[1.775s] [01m[K/home/zyme/ros_ws/Autoware_sim_test/src/autoware/src/universe/autoware.universe/sensing/tier4_pcl_extensions/include/tier4_pcl_extensions/voxel_grid_nearest_centroid_impl.hpp:66:10:[m[K [01;31m[Kfatal error: [m[Krange/v3/all.hpp: No such file or directory
[1.775s]    66 | #include [01;31m[K<range/v3/all.hpp>[m[K
[1.775s]       |          [01;31m[K^~~~~~~~~~~~~~~~~~[m[K
[1.775s] compilation terminated.
[1.788s] gmake[2]: *** [CMakeFiles/tier4_pcl_extensions.dir/build.make:76: CMakeFiles/tier4_pcl_extensions.dir/src/voxel_grid_nearest_centroid.cpp.o] Error 1
[1.788s] gmake[1]: *** [CMakeFiles/Makefile2:137: CMakeFiles/tier4_pcl_extensions.dir/all] Error 2
[1.788s] gmake: *** [Makefile:146: all] Error 2
[1.791s] Invoked command in '/home/zyme/ros_ws/Autoware_sim_test/build/tier4_pcl_extensions' returned '2': AMENT_PREFIX_PATH=/home/zyme/ros_ws/Autoware_sim_test/install/autoware_cmake:/home/zyme/ros_ws/Autoware_sim_test/install/autoware_lint_common:${AMENT_PREFIX_PATH} CMAKE_PREFIX_PATH=/home/zyme/ros_ws/Autoware_sim_test/install/autoware_cmake:/home/zyme/ros_ws/Autoware_sim_test/install/autoware_lint_common:/opt/ros/humble /usr/bin/cmake --build /home/zyme/ros_ws/Autoware_sim_test/build/tier4_pcl_extensions -- -j12 -l12
