[0.092s] Invoking command in '/home/zyme/ros_ws/Autoware_sim_test/build/ar_tag_based_localizer': AMENT_PREFIX_PATH=/home/zyme/ros_ws/Autoware_sim_test/install/landmark_manager:/home/zyme/ros_ws/Autoware_sim_test/install/localization_util:/home/zyme/ros_ws/Autoware_sim_test/install/tier4_autoware_utils:/home/zyme/ros_ws/Autoware_sim_test/install/lanelet2_extension:/home/zyme/ros_ws/Autoware_sim_test/install/autoware_utils:/home/zyme/ros_ws/Autoware_sim_test/install/autoware_auto_vehicle_msgs:/home/zyme/ros_ws/Autoware_sim_test/install/autoware_cmake:/home/zyme/ros_ws/Autoware_sim_test/install/autoware_auto_planning_msgs:/home/zyme/ros_ws/Autoware_sim_test/install/autoware_auto_perception_msgs:/home/zyme/ros_ws/Autoware_sim_test/install/tier4_localization_msgs:/home/zyme/ros_ws/Autoware_sim_test/install/tier4_debug_msgs:/home/zyme/ros_ws/Autoware_sim_test/install/autoware_planning_msgs:/home/zyme/ros_ws/Autoware_sim_test/install/autoware_auto_mapping_msgs:/home/zyme/ros_ws/Autoware_sim_test/install/autoware_auto_geometry_msgs:${AMENT_PREFIX_PATH} CMAKE_PREFIX_PATH=/home/zyme/ros_ws/Autoware_sim_test/install/landmark_manager:/home/zyme/ros_ws/Autoware_sim_test/install/localization_util:/home/zyme/ros_ws/Autoware_sim_test/install/tier4_autoware_utils:/home/zyme/ros_ws/Autoware_sim_test/install/lanelet2_extension:/home/zyme/ros_ws/Autoware_sim_test/install/autoware_utils:/home/zyme/ros_ws/Autoware_sim_test/install/autoware_auto_vehicle_msgs:/home/zyme/ros_ws/Autoware_sim_test/install/autoware_cmake:/home/zyme/ros_ws/Autoware_sim_test/install/autoware_auto_planning_msgs:/home/zyme/ros_ws/Autoware_sim_test/install/autoware_auto_perception_msgs:/home/zyme/ros_ws/Autoware_sim_test/install/tier4_localization_msgs:/home/zyme/ros_ws/Autoware_sim_test/install/tier4_debug_msgs:/home/zyme/ros_ws/Autoware_sim_test/install/autoware_planning_msgs:/home/zyme/ros_ws/Autoware_sim_test/install/autoware_auto_mapping_msgs:/home/zyme/ros_ws/Autoware_sim_test/install/autoware_auto_geometry_msgs:/opt/ros/humble LD_LIBRARY_PATH=/home/zyme/ros_ws/Autoware_sim_test/install/landmark_manager/lib:/home/zyme/ros_ws/Autoware_sim_test/install/localization_util/lib:/home/zyme/ros_ws/Autoware_sim_test/install/tier4_autoware_utils/lib:/home/zyme/ros_ws/Autoware_sim_test/install/lanelet2_extension/lib:/home/zyme/ros_ws/Autoware_sim_test/install/autoware_utils/lib:/home/zyme/ros_ws/Autoware_sim_test/install/autoware_auto_vehicle_msgs/lib:/home/zyme/ros_ws/Autoware_sim_test/install/autoware_auto_planning_msgs/lib:/home/zyme/ros_ws/Autoware_sim_test/install/autoware_auto_perception_msgs/lib:/home/zyme/ros_ws/Autoware_sim_test/install/tier4_localization_msgs/lib:/home/zyme/ros_ws/Autoware_sim_test/install/tier4_debug_msgs/lib:/home/zyme/ros_ws/Autoware_sim_test/install/autoware_planning_msgs/lib:/home/zyme/ros_ws/Autoware_sim_test/install/autoware_auto_mapping_msgs/lib:/home/zyme/ros_ws/Autoware_sim_test/install/autoware_auto_geometry_msgs/lib:${LD_LIBRARY_PATH} PYTHONPATH=/home/zyme/ros_ws/Autoware_sim_test/install/autoware_auto_vehicle_msgs/local/lib/python3.10/dist-packages:/home/zyme/ros_ws/Autoware_sim_test/install/autoware_auto_planning_msgs/local/lib/python3.10/dist-packages:/home/zyme/ros_ws/Autoware_sim_test/install/autoware_auto_perception_msgs/local/lib/python3.10/dist-packages:/home/zyme/ros_ws/Autoware_sim_test/install/tier4_localization_msgs/local/lib/python3.10/dist-packages:/home/zyme/ros_ws/Autoware_sim_test/install/tier4_debug_msgs/local/lib/python3.10/dist-packages:/home/zyme/ros_ws/Autoware_sim_test/install/autoware_planning_msgs/local/lib/python3.10/dist-packages:/home/zyme/ros_ws/Autoware_sim_test/install/autoware_auto_mapping_msgs/local/lib/python3.10/dist-packages:/home/zyme/ros_ws/Autoware_sim_test/install/autoware_auto_geometry_msgs/local/lib/python3.10/dist-packages:${PYTHONPATH} /usr/bin/cmake --build /home/zyme/ros_ws/Autoware_sim_test/build/ar_tag_based_localizer -- -j12 -l12
[0.143s] [35m[1mConsolidate compiler generated dependencies of target gtest_main[0m
[0.143s] [35m[1mConsolidate compiler generated dependencies of target gtest[0m
[0.157s] [ 20%] [32mBuilding CXX object CMakeFiles/ar_tag_based_localizer.dir/src/ar_tag_based_localizer.cpp.o[0m
[0.158s] [ 20%] [32mBuilding CXX object CMakeFiles/ar_tag_based_localizer.dir/src/main.cpp.o[0m
[0.159s] [ 50%] Built target gtest_main
[0.159s] [ 60%] Built target gtest
[0.186s] [ 80%] [32mBuilding CXX object CMakeFiles/test_ar_tag_based_localizer.dir/test/test.cpp.o[0m
[0.186s] [ 80%] [32mBuilding CXX object CMakeFiles/test_ar_tag_based_localizer.dir/src/ar_tag_based_localizer.cpp.o[0m
[0.590s] In file included from [01m[K/home/zyme/ros_ws/Autoware_sim_test/src/autoware/src/universe/autoware.universe/localization/landmark_based_localizer/ar_tag_based_localizer/test/test.cpp:15[m[K:
[0.590s] [01m[K/home/zyme/ros_ws/Autoware_sim_test/src/autoware/src/universe/autoware.universe/localization/landmark_based_localizer/ar_tag_based_localizer/test/../src/ar_tag_based_localizer.hpp:60:10:[m[K [01;31m[Kfatal error: [m[Karuco/aruco.h: No such file or directory
[0.591s]    60 | #include [01;31m[K<aruco/aruco.h>[m[K
[0.591s]       |          [01;31m[K^~~~~~~~~~~~~~~[m[K
[0.591s] compilation terminated.
[0.596s] In file included from [01m[K/home/zyme/ros_ws/Autoware_sim_test/src/autoware/src/universe/autoware.universe/localization/landmark_based_localizer/ar_tag_based_localizer/src/ar_tag_based_localizer.cpp:45[m[K:
[0.596s] [01m[K/home/zyme/ros_ws/Autoware_sim_test/src/autoware/src/universe/autoware.universe/localization/landmark_based_localizer/ar_tag_based_localizer/src/ar_tag_based_localizer.hpp:60:10:[m[K [01;31m[Kfatal error: [m[Karuco/aruco.h: No such file or directory
[0.596s]    60 | #include [01;31m[K<aruco/aruco.h>[m[K
[0.596s]       |          [01;31m[K^~~~~~~~~~~~~~~[m[K
[0.596s] compilation terminated.
[0.596s] gmake[2]: *** [CMakeFiles/test_ar_tag_based_localizer.dir/build.make:76: CMakeFiles/test_ar_tag_based_localizer.dir/test/test.cpp.o] Error 1
[0.596s] gmake[2]: *** Waiting for unfinished jobs....
[0.601s] gmake[2]: *** [CMakeFiles/test_ar_tag_based_localizer.dir/build.make:90: CMakeFiles/test_ar_tag_based_localizer.dir/src/ar_tag_based_localizer.cpp.o] Error 1
[0.601s] gmake[1]: *** [CMakeFiles/Makefile2:184: CMakeFiles/test_ar_tag_based_localizer.dir/all] Error 2
[0.601s] gmake[1]: *** Waiting for unfinished jobs....
[0.715s] In file included from [01m[K/home/zyme/ros_ws/Autoware_sim_test/src/autoware/src/universe/autoware.universe/localization/landmark_based_localizer/ar_tag_based_localizer/src/main.cpp:45[m[K:
[0.715s] [01m[K/home/zyme/ros_ws/Autoware_sim_test/src/autoware/src/universe/autoware.universe/localization/landmark_based_localizer/ar_tag_based_localizer/src/ar_tag_based_localizer.hpp:60:10:[m[K [01;31m[Kfatal error: [m[Karuco/aruco.h: No such file or directory
[0.715s]    60 | #include [01;31m[K<aruco/aruco.h>[m[K
[0.716s]       |          [01;31m[K^~~~~~~~~~~~~~~[m[K
[0.716s] compilation terminated.
[0.718s] In file included from [01m[K/home/zyme/ros_ws/Autoware_sim_test/src/autoware/src/universe/autoware.universe/localization/landmark_based_localizer/ar_tag_based_localizer/src/ar_tag_based_localizer.cpp:45[m[K:
[0.718s] [01m[K/home/zyme/ros_ws/Autoware_sim_test/src/autoware/src/universe/autoware.universe/localization/landmark_based_localizer/ar_tag_based_localizer/src/ar_tag_based_localizer.hpp:60:10:[m[K [01;31m[Kfatal error: [m[Karuco/aruco.h: No such file or directory
[0.718s]    60 | #include [01;31m[K<aruco/aruco.h>[m[K
[0.718s]       |          [01;31m[K^~~~~~~~~~~~~~~[m[K
[0.718s] compilation terminated.
[0.720s] gmake[2]: *** [CMakeFiles/ar_tag_based_localizer.dir/build.make:76: CMakeFiles/ar_tag_based_localizer.dir/src/main.cpp.o] Error 1
[0.720s] gmake[2]: *** Waiting for unfinished jobs....
[0.723s] gmake[2]: *** [CMakeFiles/ar_tag_based_localizer.dir/build.make:90: CMakeFiles/ar_tag_based_localizer.dir/src/ar_tag_based_localizer.cpp.o] Error 1
[0.723s] gmake[1]: *** [CMakeFiles/Makefile2:157: CMakeFiles/ar_tag_based_localizer.dir/all] Error 2
[0.723s] gmake: *** [Makefile:146: all] Error 2
[0.727s] Invoked command in '/home/zyme/ros_ws/Autoware_sim_test/build/ar_tag_based_localizer' returned '2': AMENT_PREFIX_PATH=/home/zyme/ros_ws/Autoware_sim_test/install/landmark_manager:/home/zyme/ros_ws/Autoware_sim_test/install/localization_util:/home/zyme/ros_ws/Autoware_sim_test/install/tier4_autoware_utils:/home/zyme/ros_ws/Autoware_sim_test/install/lanelet2_extension:/home/zyme/ros_ws/Autoware_sim_test/install/autoware_utils:/home/zyme/ros_ws/Autoware_sim_test/install/autoware_auto_vehicle_msgs:/home/zyme/ros_ws/Autoware_sim_test/install/autoware_cmake:/home/zyme/ros_ws/Autoware_sim_test/install/autoware_auto_planning_msgs:/home/zyme/ros_ws/Autoware_sim_test/install/autoware_auto_perception_msgs:/home/zyme/ros_ws/Autoware_sim_test/install/tier4_localization_msgs:/home/zyme/ros_ws/Autoware_sim_test/install/tier4_debug_msgs:/home/zyme/ros_ws/Autoware_sim_test/install/autoware_planning_msgs:/home/zyme/ros_ws/Autoware_sim_test/install/autoware_auto_mapping_msgs:/home/zyme/ros_ws/Autoware_sim_test/install/autoware_auto_geometry_msgs:${AMENT_PREFIX_PATH} CMAKE_PREFIX_PATH=/home/zyme/ros_ws/Autoware_sim_test/install/landmark_manager:/home/zyme/ros_ws/Autoware_sim_test/install/localization_util:/home/zyme/ros_ws/Autoware_sim_test/install/tier4_autoware_utils:/home/zyme/ros_ws/Autoware_sim_test/install/lanelet2_extension:/home/zyme/ros_ws/Autoware_sim_test/install/autoware_utils:/home/zyme/ros_ws/Autoware_sim_test/install/autoware_auto_vehicle_msgs:/home/zyme/ros_ws/Autoware_sim_test/install/autoware_cmake:/home/zyme/ros_ws/Autoware_sim_test/install/autoware_auto_planning_msgs:/home/zyme/ros_ws/Autoware_sim_test/install/autoware_auto_perception_msgs:/home/zyme/ros_ws/Autoware_sim_test/install/tier4_localization_msgs:/home/zyme/ros_ws/Autoware_sim_test/install/tier4_debug_msgs:/home/zyme/ros_ws/Autoware_sim_test/install/autoware_planning_msgs:/home/zyme/ros_ws/Autoware_sim_test/install/autoware_auto_mapping_msgs:/home/zyme/ros_ws/Autoware_sim_test/install/autoware_auto_geometry_msgs:/opt/ros/humble LD_LIBRARY_PATH=/home/zyme/ros_ws/Autoware_sim_test/install/landmark_manager/lib:/home/zyme/ros_ws/Autoware_sim_test/install/localization_util/lib:/home/zyme/ros_ws/Autoware_sim_test/install/tier4_autoware_utils/lib:/home/zyme/ros_ws/Autoware_sim_test/install/lanelet2_extension/lib:/home/zyme/ros_ws/Autoware_sim_test/install/autoware_utils/lib:/home/zyme/ros_ws/Autoware_sim_test/install/autoware_auto_vehicle_msgs/lib:/home/zyme/ros_ws/Autoware_sim_test/install/autoware_auto_planning_msgs/lib:/home/zyme/ros_ws/Autoware_sim_test/install/autoware_auto_perception_msgs/lib:/home/zyme/ros_ws/Autoware_sim_test/install/tier4_localization_msgs/lib:/home/zyme/ros_ws/Autoware_sim_test/install/tier4_debug_msgs/lib:/home/zyme/ros_ws/Autoware_sim_test/install/autoware_planning_msgs/lib:/home/zyme/ros_ws/Autoware_sim_test/install/autoware_auto_mapping_msgs/lib:/home/zyme/ros_ws/Autoware_sim_test/install/autoware_auto_geometry_msgs/lib:${LD_LIBRARY_PATH} PYTHONPATH=/home/zyme/ros_ws/Autoware_sim_test/install/autoware_auto_vehicle_msgs/local/lib/python3.10/dist-packages:/home/zyme/ros_ws/Autoware_sim_test/install/autoware_auto_planning_msgs/local/lib/python3.10/dist-packages:/home/zyme/ros_ws/Autoware_sim_test/install/autoware_auto_perception_msgs/local/lib/python3.10/dist-packages:/home/zyme/ros_ws/Autoware_sim_test/install/tier4_localization_msgs/local/lib/python3.10/dist-packages:/home/zyme/ros_ws/Autoware_sim_test/install/tier4_debug_msgs/local/lib/python3.10/dist-packages:/home/zyme/ros_ws/Autoware_sim_test/install/autoware_planning_msgs/local/lib/python3.10/dist-packages:/home/zyme/ros_ws/Autoware_sim_test/install/autoware_auto_mapping_msgs/local/lib/python3.10/dist-packages:/home/zyme/ros_ws/Autoware_sim_test/install/autoware_auto_geometry_msgs/local/lib/python3.10/dist-packages:${PYTHONPATH} /usr/bin/cmake --build /home/zyme/ros_ws/Autoware_sim_test/build/ar_tag_based_localizer -- -j12 -l12
