[01m[K/home/zyme/ros_ws/Autoware_sim_test/src/autoware/src/universe/external/eagleye/eagleye_util/gnss_converter/src/gnss_converter_node.cpp:4:10:[m[K [01;31m[Kfatal error: [m[Kublox_msgs/msg/nav_pvt.hpp: No such file or directory
    4 | #include [01;31m[K<ublox_msgs/msg/nav_pvt.hpp>[m[K
      |          [01;31m[K^~~~~~~~~~~~~~~~~~~~~~~~~~~~[m[K
compilation terminated.
gmake[2]: *** [CMakeFiles/gnss_converter.dir/build.make:90: CMakeFiles/gnss_converter.dir/src/gnss_converter_node.cpp.o] Error 1
gmake[2]: *** Waiting for unfinished jobs....
gmake[1]: *** [CMakeFiles/Makefile2:137: CMakeFiles/gnss_converter.dir/all] Error 2
gmake: *** [Makefile:146: all] Error 2
