[0.075s] Invoking command in '/home/zyme/ros_ws/Autoware_sim_test/build/eagleye_gnss_converter': AMENT_PREFIX_PATH=/home/zyme/ros_ws/Autoware_sim_test/install/eagleye_navigation:/home/zyme/ros_ws/Autoware_sim_test/install/eagleye_msgs:/home/zyme/ros_ws/Autoware_sim_test/install/rtklib_msgs:/home/zyme/ros_ws/Autoware_sim_test/install/eagleye_coordinate:${AMENT_PREFIX_PATH} CMAKE_PREFIX_PATH=/home/zyme/ros_ws/Autoware_sim_test/install/eagleye_navigation:/home/zyme/ros_ws/Autoware_sim_test/install/eagleye_msgs:/home/zyme/ros_ws/Autoware_sim_test/install/rtklib_msgs:/home/zyme/ros_ws/Autoware_sim_test/install/eagleye_coordinate:/opt/ros/humble LD_LIBRARY_PATH=/home/zyme/ros_ws/Autoware_sim_test/install/eagleye_navigation/lib:/home/zyme/ros_ws/Autoware_sim_test/install/eagleye_msgs/lib:/home/zyme/ros_ws/Autoware_sim_test/install/rtklib_msgs/lib:/home/zyme/ros_ws/Autoware_sim_test/install/eagleye_coordinate/lib:${LD_LIBRARY_PATH} PYTHONPATH=/home/zyme/ros_ws/Autoware_sim_test/install/eagleye_msgs/local/lib/python3.10/dist-packages:/home/zyme/ros_ws/Autoware_sim_test/install/rtklib_msgs/local/lib/python3.10/dist-packages:${PYTHONPATH} /usr/bin/cmake /home/zyme/ros_ws/Autoware_sim_test/src/autoware/src/universe/external/eagleye/eagleye_util/gnss_converter -DCMAKE_BUILD_TYPE=Release -DCMAKE_CXX_FLAGS=-w -DAMENT_CMAKE_SYMLINK_INSTALL=1 -DCMAKE_INSTALL_PREFIX=/home/zyme/ros_ws/Autoware_sim_test/install/eagleye_gnss_converter
[0.150s] -- The C compiler identification is GNU 11.4.0
[0.212s] -- The CXX compiler identification is GNU 11.4.0
[0.219s] -- Detecting C compiler ABI info
[0.294s] -- Detecting C compiler ABI info - done
[0.303s] -- Check for working C compiler: /usr/bin/cc - skipped
[0.303s] -- Detecting C compile features
[0.303s] -- Detecting C compile features - done
[0.306s] -- Detecting CXX compiler ABI info
[0.388s] -- Detecting CXX compiler ABI info - done
[0.396s] -- Check for working CXX compiler: /usr/bin/c++ - skipped
[0.396s] -- Detecting CXX compile features
[0.396s] -- Detecting CXX compile features - done
[0.399s] -- Found ament_cmake_auto: 1.3.8 (/opt/ros/humble/share/ament_cmake_auto/cmake)
[0.560s] -- Found Python3: /usr/bin/python3 (found version "3.10.12") found components: Interpreter 
[0.625s] -- Override CMake install command with custom implementation using symlinks instead of copying resources
[0.772s] -- Found rosidl_generator_c: 3.1.5 (/opt/ros/humble/share/rosidl_generator_c/cmake)
[0.778s] -- Found rosidl_adapter: 3.1.5 (/opt/ros/humble/share/rosidl_adapter/cmake)
[0.789s] -- Found rosidl_generator_cpp: 3.1.5 (/opt/ros/humble/share/rosidl_generator_cpp/cmake)
[0.805s] -- Using all available rosidl_typesupport_c: rosidl_typesupport_fastrtps_c;rosidl_typesupport_introspection_c
[0.828s] -- Using all available rosidl_typesupport_cpp: rosidl_typesupport_fastrtps_cpp;rosidl_typesupport_introspection_cpp
[0.910s] -- Found rmw_implementation_cmake: 6.1.1 (/opt/ros/humble/share/rmw_implementation_cmake/cmake)
[0.913s] -- Found rmw_cyclonedds_cpp: 1.3.4 (/opt/ros/humble/share/rmw_cyclonedds_cpp/cmake)
[0.952s] -- Using RMW implementation 'rmw_cyclonedds_cpp' as default
[0.964s] -- Looking for pthread.h
[1.038s] -- Looking for pthread.h - found
[1.039s] -- Performing Test CMAKE_HAVE_LIBC_PTHREAD
[1.119s] -- Performing Test CMAKE_HAVE_LIBC_PTHREAD - Success
[1.120s] -- Found Threads: TRUE  
[2.687s] -- Found eigen3_cmake_module: 0.1.1 (/opt/ros/humble/share/eigen3_cmake_module/cmake)
[2.689s] -- Found Eigen3: TRUE (found version "3.4.0") 
[2.689s] -- Ensuring Eigen3 include directory is part of orocos-kdl CMake target
[3.607s] -- Found ament_lint_auto: 0.12.10 (/opt/ros/humble/share/ament_lint_auto/cmake)
[3.633s] -- Added test 'copyright' to check source files copyright and LICENSE
[3.635s] -- Added test 'cppcheck' to perform static code analysis on C / C++ code
[3.635s] -- Configured cppcheck include dirs: /home/zyme/ros_ws/Autoware_sim_test/src/autoware/src/universe/external/eagleye/eagleye_util/gnss_converter/include
[3.635s] -- Configured cppcheck exclude dirs and/or files: 
[3.637s] -- Added test 'cpplint' to check C / C++ code against the Google style
[3.637s] -- Configured cpplint exclude dirs and/or files: 
[3.637s] -- Added test 'lint_cmake' to check CMake code style
[3.639s] -- Added test 'uncrustify' to check C / C++ code style
[3.639s] -- Configured uncrustify additional arguments: 
[3.639s] -- Added test 'xmllint' to check XML markup files
[3.642s] -- Configuring done
[3.676s] -- Generating done
[3.678s] -- Build files have been written to: /home/zyme/ros_ws/Autoware_sim_test/build/eagleye_gnss_converter
[3.689s] Invoked command in '/home/zyme/ros_ws/Autoware_sim_test/build/eagleye_gnss_converter' returned '0': AMENT_PREFIX_PATH=/home/zyme/ros_ws/Autoware_sim_test/install/eagleye_navigation:/home/zyme/ros_ws/Autoware_sim_test/install/eagleye_msgs:/home/zyme/ros_ws/Autoware_sim_test/install/rtklib_msgs:/home/zyme/ros_ws/Autoware_sim_test/install/eagleye_coordinate:${AMENT_PREFIX_PATH} CMAKE_PREFIX_PATH=/home/zyme/ros_ws/Autoware_sim_test/install/eagleye_navigation:/home/zyme/ros_ws/Autoware_sim_test/install/eagleye_msgs:/home/zyme/ros_ws/Autoware_sim_test/install/rtklib_msgs:/home/zyme/ros_ws/Autoware_sim_test/install/eagleye_coordinate:/opt/ros/humble LD_LIBRARY_PATH=/home/zyme/ros_ws/Autoware_sim_test/install/eagleye_navigation/lib:/home/zyme/ros_ws/Autoware_sim_test/install/eagleye_msgs/lib:/home/zyme/ros_ws/Autoware_sim_test/install/rtklib_msgs/lib:/home/zyme/ros_ws/Autoware_sim_test/install/eagleye_coordinate/lib:${LD_LIBRARY_PATH} PYTHONPATH=/home/zyme/ros_ws/Autoware_sim_test/install/eagleye_msgs/local/lib/python3.10/dist-packages:/home/zyme/ros_ws/Autoware_sim_test/install/rtklib_msgs/local/lib/python3.10/dist-packages:${PYTHONPATH} /usr/bin/cmake /home/zyme/ros_ws/Autoware_sim_test/src/autoware/src/universe/external/eagleye/eagleye_util/gnss_converter -DCMAKE_BUILD_TYPE=Release -DCMAKE_CXX_FLAGS=-w -DAMENT_CMAKE_SYMLINK_INSTALL=1 -DCMAKE_INSTALL_PREFIX=/home/zyme/ros_ws/Autoware_sim_test/install/eagleye_gnss_converter
[3.690s] Invoking command in '/home/zyme/ros_ws/Autoware_sim_test/build/eagleye_gnss_converter': AMENT_PREFIX_PATH=/home/zyme/ros_ws/Autoware_sim_test/install/eagleye_navigation:/home/zyme/ros_ws/Autoware_sim_test/install/eagleye_msgs:/home/zyme/ros_ws/Autoware_sim_test/install/rtklib_msgs:/home/zyme/ros_ws/Autoware_sim_test/install/eagleye_coordinate:${AMENT_PREFIX_PATH} CMAKE_PREFIX_PATH=/home/zyme/ros_ws/Autoware_sim_test/install/eagleye_navigation:/home/zyme/ros_ws/Autoware_sim_test/install/eagleye_msgs:/home/zyme/ros_ws/Autoware_sim_test/install/rtklib_msgs:/home/zyme/ros_ws/Autoware_sim_test/install/eagleye_coordinate:/opt/ros/humble LD_LIBRARY_PATH=/home/zyme/ros_ws/Autoware_sim_test/install/eagleye_navigation/lib:/home/zyme/ros_ws/Autoware_sim_test/install/eagleye_msgs/lib:/home/zyme/ros_ws/Autoware_sim_test/install/rtklib_msgs/lib:/home/zyme/ros_ws/Autoware_sim_test/install/eagleye_coordinate/lib:${LD_LIBRARY_PATH} PYTHONPATH=/home/zyme/ros_ws/Autoware_sim_test/install/eagleye_msgs/local/lib/python3.10/dist-packages:/home/zyme/ros_ws/Autoware_sim_test/install/rtklib_msgs/local/lib/python3.10/dist-packages:${PYTHONPATH} /usr/bin/cmake --build /home/zyme/ros_ws/Autoware_sim_test/build/eagleye_gnss_converter -- -j12 -l12
[3.750s] [ 66%] [32mBuilding CXX object CMakeFiles/gnss_converter.dir/src/nmea2fix_core.cpp.o[0m
[3.750s] [ 66%] [32mBuilding CXX object CMakeFiles/gnss_converter.dir/src/gnss_converter_node.cpp.o[0m
[4.141s] [01m[K/home/zyme/ros_ws/Autoware_sim_test/src/autoware/src/universe/external/eagleye/eagleye_util/gnss_converter/src/gnss_converter_node.cpp:4:10:[m[K [01;31m[Kfatal error: [m[Kublox_msgs/msg/nav_pvt.hpp: No such file or directory
[4.141s]     4 | #include [01;31m[K<ublox_msgs/msg/nav_pvt.hpp>[m[K
[4.141s]       |          [01;31m[K^~~~~~~~~~~~~~~~~~~~~~~~~~~~[m[K
[4.141s] compilation terminated.
[4.144s] gmake[2]: *** [CMakeFiles/gnss_converter.dir/build.make:90: CMakeFiles/gnss_converter.dir/src/gnss_converter_node.cpp.o] Error 1
[4.144s] gmake[2]: *** Waiting for unfinished jobs....
[7.059s] gmake[1]: *** [CMakeFiles/Makefile2:137: CMakeFiles/gnss_converter.dir/all] Error 2
[7.059s] gmake: *** [Makefile:146: all] Error 2
[7.061s] Invoked command in '/home/zyme/ros_ws/Autoware_sim_test/build/eagleye_gnss_converter' returned '2': AMENT_PREFIX_PATH=/home/zyme/ros_ws/Autoware_sim_test/install/eagleye_navigation:/home/zyme/ros_ws/Autoware_sim_test/install/eagleye_msgs:/home/zyme/ros_ws/Autoware_sim_test/install/rtklib_msgs:/home/zyme/ros_ws/Autoware_sim_test/install/eagleye_coordinate:${AMENT_PREFIX_PATH} CMAKE_PREFIX_PATH=/home/zyme/ros_ws/Autoware_sim_test/install/eagleye_navigation:/home/zyme/ros_ws/Autoware_sim_test/install/eagleye_msgs:/home/zyme/ros_ws/Autoware_sim_test/install/rtklib_msgs:/home/zyme/ros_ws/Autoware_sim_test/install/eagleye_coordinate:/opt/ros/humble LD_LIBRARY_PATH=/home/zyme/ros_ws/Autoware_sim_test/install/eagleye_navigation/lib:/home/zyme/ros_ws/Autoware_sim_test/install/eagleye_msgs/lib:/home/zyme/ros_ws/Autoware_sim_test/install/rtklib_msgs/lib:/home/zyme/ros_ws/Autoware_sim_test/install/eagleye_coordinate/lib:${LD_LIBRARY_PATH} PYTHONPATH=/home/zyme/ros_ws/Autoware_sim_test/install/eagleye_msgs/local/lib/python3.10/dist-packages:/home/zyme/ros_ws/Autoware_sim_test/install/rtklib_msgs/local/lib/python3.10/dist-packages:${PYTHONPATH} /usr/bin/cmake --build /home/zyme/ros_ws/Autoware_sim_test/build/eagleye_gnss_converter -- -j12 -l12
