-- The C compiler identification is GNU 11.4.0
-- The CXX compiler identification is GNU 11.4.0
-- Detecting C compiler ABI info
-- Detecting C compiler ABI info - done
-- Check for working C compiler: /usr/bin/cc - skipped
-- Detecting C compile features
-- Detecting C compile features - done
-- Detecting CXX compiler ABI info
-- Detecting CXX compiler ABI info - done
-- Check for working CXX compiler: /usr/bin/c++ - skipped
-- Detecting CXX compile features
-- Detecting CXX compile features - done
-- Found autoware_cmake: 0.1.0 (/home/zyme/ros_ws/Autoware_sim_test/install/autoware_cmake/share/autoware_cmake/cmake)
-- Found Python3: /usr/bin/python3 (found version "3.10.12") found components: Interpreter 
-- Override CMake install command with custom implementation using symlinks instead of copying resources
-- Found rosidl_generator_c: 3.1.5 (/opt/ros/humble/share/rosidl_generator_c/cmake)
-- Found rosidl_adapter: 3.1.5 (/opt/ros/humble/share/rosidl_adapter/cmake)
-- Found rosidl_generator_cpp: 3.1.5 (/opt/ros/humble/share/rosidl_generator_cpp/cmake)
-- Using all available rosidl_typesupport_c: rosidl_typesupport_fastrtps_c;rosidl_typesupport_introspection_c
-- Using all available rosidl_typesupport_cpp: rosidl_typesupport_fastrtps_cpp;rosidl_typesupport_introspection_cpp
-- Found rmw_implementation_cmake: 6.1.1 (/opt/ros/humble/share/rmw_implementation_cmake/cmake)
-- Found rmw_cyclonedds_cpp: 1.3.4 (/opt/ros/humble/share/rmw_cyclonedds_cpp/cmake)
-- Using RMW implementation 'rmw_cyclonedds_cpp' as default
-- Looking for pthread.h
-- Looking for pthread.h - found
-- Performing Test CMAKE_HAVE_LIBC_PTHREAD
-- Performing Test CMAKE_HAVE_LIBC_PTHREAD - Success
-- Found Threads: TRUE  
-- Found ament_lint_auto: 0.12.10 (/opt/ros/humble/share/ament_lint_auto/cmake)
-- Added test 'copyright' to check source files copyright and LICENSE
-- Added test 'cppcheck' to perform static code analysis on C / C++ code
-- Configured cppcheck include dirs: 
-- Configured cppcheck exclude dirs and/or files: 
-- Added test 'lint_cmake' to check CMake code style
-- Added test 'xmllint' to check XML markup files
-- Configuring done
-- Generating done
-- Build files have been written to: /home/zyme/ros_ws/Autoware_sim_test/build/autoware_iv_external_api_adaptor
[  4%] [32mBuilding CXX object CMakeFiles/autoware_iv_external_api_adaptor.dir/src/calibration_status.cpp.o[0m
[ 14%] [32mBuilding CXX object CMakeFiles/autoware_iv_external_api_adaptor.dir/src/cpu_usage.cpp.o[0m
[ 14%] [32mBuilding CXX object CMakeFiles/autoware_iv_external_api_adaptor.dir/src/diagnostics.cpp.o[0m
[ 19%] [32mBuilding CXX object CMakeFiles/autoware_iv_external_api_adaptor.dir/src/door.cpp.o[0m
[ 23%] [32mBuilding CXX object CMakeFiles/autoware_iv_external_api_adaptor.dir/src/emergency.cpp.o[0m
[ 28%] [32mBuilding CXX object CMakeFiles/autoware_iv_external_api_adaptor.dir/src/engage.cpp.o[0m
[ 38%] [32mBuilding CXX object CMakeFiles/autoware_iv_external_api_adaptor.dir/src/initial_pose.cpp.o[0m
[ 38%] [32mBuilding CXX object CMakeFiles/autoware_iv_external_api_adaptor.dir/src/localization_score.cpp.o[0m
[ 47%] [32mBuilding CXX object CMakeFiles/autoware_iv_external_api_adaptor.dir/src/fail_safe_state.cpp.o[0m
[ 47%] [32mBuilding CXX object CMakeFiles/autoware_iv_external_api_adaptor.dir/src/map.cpp.o[0m
[ 52%] [32mBuilding CXX object CMakeFiles/autoware_iv_external_api_adaptor.dir/src/metadata_packages.cpp.o[0m
[ 57%] [32mBuilding CXX object CMakeFiles/autoware_iv_external_api_adaptor.dir/src/operator.cpp.o[0m
[01m[K/home/zyme/ros_ws/Autoware_sim_test/src/autoware/src/universe/external/tier4_ad_api_adaptor/autoware_iv_external_api_adaptor/src/metadata_packages.cpp:19:10:[m[K [01;31m[Kfatal error: [m[Knlohmann/json.hpp: No such file or directory
   19 | #include [01;31m[K"nlohmann/json.hpp"[m[K
      |          [01;31m[K^~~~~~~~~~~~~~~~~~~[m[K
compilation terminated.
gmake[2]: *** [CMakeFiles/autoware_iv_external_api_adaptor.dir/build.make:216: CMakeFiles/autoware_iv_external_api_adaptor.dir/src/metadata_packages.cpp.o] Error 1
gmake[2]: *** Waiting for unfinished jobs....
gmake[1]: *** [CMakeFiles/Makefile2:137: CMakeFiles/autoware_iv_external_api_adaptor.dir/all] Error 2
gmake: *** [Makefile:146: all] Error 2
