[0.091s] Invoking command in '/home/zyme/ros_ws/Autoware_sim_test/build/ar_tag_based_localizer': AMENT_PREFIX_PATH=/home/zyme/ros_ws/Autoware_sim_test/install/landmark_manager:/home/zyme/ros_ws/Autoware_sim_test/install/localization_util:/home/zyme/ros_ws/Autoware_sim_test/install/tier4_autoware_utils:/home/zyme/ros_ws/Autoware_sim_test/install/lanelet2_extension:/home/zyme/ros_ws/Autoware_sim_test/install/autoware_utils:/home/zyme/ros_ws/Autoware_sim_test/install/autoware_auto_vehicle_msgs:/home/zyme/ros_ws/Autoware_sim_test/install/autoware_cmake:/home/zyme/ros_ws/Autoware_sim_test/install/autoware_auto_planning_msgs:/home/zyme/ros_ws/Autoware_sim_test/install/autoware_auto_perception_msgs:/home/zyme/ros_ws/Autoware_sim_test/install/tier4_localization_msgs:/home/zyme/ros_ws/Autoware_sim_test/install/tier4_debug_msgs:/home/zyme/ros_ws/Autoware_sim_test/install/autoware_planning_msgs:/home/zyme/ros_ws/Autoware_sim_test/install/autoware_auto_mapping_msgs:/home/zyme/ros_ws/Autoware_sim_test/install/autoware_auto_geometry_msgs:${AMENT_PREFIX_PATH} CMAKE_PREFIX_PATH=/home/zyme/ros_ws/Autoware_sim_test/install/landmark_manager:/home/zyme/ros_ws/Autoware_sim_test/install/localization_util:/home/zyme/ros_ws/Autoware_sim_test/install/tier4_autoware_utils:/home/zyme/ros_ws/Autoware_sim_test/install/lanelet2_extension:/home/zyme/ros_ws/Autoware_sim_test/install/autoware_utils:/home/zyme/ros_ws/Autoware_sim_test/install/autoware_auto_vehicle_msgs:/home/zyme/ros_ws/Autoware_sim_test/install/autoware_cmake:/home/zyme/ros_ws/Autoware_sim_test/install/autoware_auto_planning_msgs:/home/zyme/ros_ws/Autoware_sim_test/install/autoware_auto_perception_msgs:/home/zyme/ros_ws/Autoware_sim_test/install/tier4_localization_msgs:/home/zyme/ros_ws/Autoware_sim_test/install/tier4_debug_msgs:/home/zyme/ros_ws/Autoware_sim_test/install/autoware_planning_msgs:/home/zyme/ros_ws/Autoware_sim_test/install/autoware_auto_mapping_msgs:/home/zyme/ros_ws/Autoware_sim_test/install/autoware_auto_geometry_msgs:/opt/ros/humble LD_LIBRARY_PATH=/home/zyme/ros_ws/Autoware_sim_test/install/landmark_manager/lib:/home/zyme/ros_ws/Autoware_sim_test/install/localization_util/lib:/home/zyme/ros_ws/Autoware_sim_test/install/tier4_autoware_utils/lib:/home/zyme/ros_ws/Autoware_sim_test/install/lanelet2_extension/lib:/home/zyme/ros_ws/Autoware_sim_test/install/autoware_utils/lib:/home/zyme/ros_ws/Autoware_sim_test/install/autoware_auto_vehicle_msgs/lib:/home/zyme/ros_ws/Autoware_sim_test/install/autoware_auto_planning_msgs/lib:/home/zyme/ros_ws/Autoware_sim_test/install/autoware_auto_perception_msgs/lib:/home/zyme/ros_ws/Autoware_sim_test/install/tier4_localization_msgs/lib:/home/zyme/ros_ws/Autoware_sim_test/install/tier4_debug_msgs/lib:/home/zyme/ros_ws/Autoware_sim_test/install/autoware_planning_msgs/lib:/home/zyme/ros_ws/Autoware_sim_test/install/autoware_auto_mapping_msgs/lib:/home/zyme/ros_ws/Autoware_sim_test/install/autoware_auto_geometry_msgs/lib:${LD_LIBRARY_PATH} PYTHONPATH=/home/zyme/ros_ws/Autoware_sim_test/install/autoware_auto_vehicle_msgs/local/lib/python3.10/dist-packages:/home/zyme/ros_ws/Autoware_sim_test/install/autoware_auto_planning_msgs/local/lib/python3.10/dist-packages:/home/zyme/ros_ws/Autoware_sim_test/install/autoware_auto_perception_msgs/local/lib/python3.10/dist-packages:/home/zyme/ros_ws/Autoware_sim_test/install/tier4_localization_msgs/local/lib/python3.10/dist-packages:/home/zyme/ros_ws/Autoware_sim_test/install/tier4_debug_msgs/local/lib/python3.10/dist-packages:/home/zyme/ros_ws/Autoware_sim_test/install/autoware_planning_msgs/local/lib/python3.10/dist-packages:/home/zyme/ros_ws/Autoware_sim_test/install/autoware_auto_mapping_msgs/local/lib/python3.10/dist-packages:/home/zyme/ros_ws/Autoware_sim_test/install/autoware_auto_geometry_msgs/local/lib/python3.10/dist-packages:${PYTHONPATH} /usr/bin/cmake --build /home/zyme/ros_ws/Autoware_sim_test/build/ar_tag_based_localizer -- -j12 -l12
[0.161s] [ 10%] [32mBuilding CXX object CMakeFiles/ar_tag_based_localizer.dir/src/main.cpp.o[0m
[0.161s] [ 30%] Built target gtest
[0.163s] [ 40%] [32mBuilding CXX object CMakeFiles/ar_tag_based_localizer.dir/src/ar_tag_based_localizer.cpp.o[0m
[0.164s] [ 60%] Built target gtest_main
[0.195s] [ 80%] [32mBuilding CXX object CMakeFiles/test_ar_tag_based_localizer.dir/src/ar_tag_based_localizer.cpp.o[0m
[0.195s] [ 80%] [32mBuilding CXX object CMakeFiles/test_ar_tag_based_localizer.dir/test/test.cpp.o[0m
[29.344s] [ 90%] [32m[1mLinking CXX executable ar_tag_based_localizer[0m
[29.349s] [100%] [32m[1mLinking CXX executable test_ar_tag_based_localizer[0m
[30.768s] /usr/bin/ld: CMakeFiles/ar_tag_based_localizer.dir/src/ar_tag_based_localizer.cpp.o: in function `ArTagBasedLocalizer::cam_info_callback(std::shared_ptr<sensor_msgs::msg::CameraInfo_<std::allocator<void> > const> const&)':
[30.768s] ar_tag_based_localizer.cpp:(.text+0xc19): undefined reference to `aruco::CameraParameters::CameraParameters(cv::Mat, cv::Mat, cv::Size_<int>)'
[30.769s] /usr/bin/ld: ar_tag_based_localizer.cpp:(.text+0xc29): undefined reference to `aruco::CameraParameters::operator=(aruco::CameraParameters const&)'
[30.769s] /usr/bin/ld: CMakeFiles/ar_tag_based_localizer.dir/src/ar_tag_based_localizer.cpp.o: in function `ArTagBasedLocalizer::ArTagBasedLocalizer(rclcpp::NodeOptions const&)':
[30.769s] ar_tag_based_localizer.cpp:(.text+0x631d): undefined reference to `aruco::MarkerDetector::MarkerDetector()'
[30.769s] /usr/bin/ld: ar_tag_based_localizer.cpp:(.text+0x6333): undefined reference to `aruco::CameraParameters::CameraParameters()'
[30.769s] /usr/bin/ld: ar_tag_based_localizer.cpp:(.text+0x6874): undefined reference to `aruco::MarkerDetector::setDetectionMode(aruco::DetectionMode, float)'
[30.769s] /usr/bin/ld: ar_tag_based_localizer.cpp:(.text+0x6c8e): undefined reference to `aruco::MarkerDetector::getParameters()'
[30.769s] /usr/bin/ld: ar_tag_based_localizer.cpp:(.text+0x819c): undefined reference to `aruco::MarkerDetector::setDetectionMode(aruco::DetectionMode, float)'
[30.769s] /usr/bin/ld: ar_tag_based_localizer.cpp:(.text+0x840b): undefined reference to `aruco::MarkerDetector::setDetectionMode(aruco::DetectionMode, float)'
[30.769s] /usr/bin/ld: CMakeFiles/ar_tag_based_localizer.dir/src/ar_tag_based_localizer.cpp.o: in function `ArTagBasedLocalizer::detect_landmarks(std::shared_ptr<sensor_msgs::msg::Image_<std::allocator<void> > const> const&)':
[30.769s] ar_tag_based_localizer.cpp:(.text+0x8f71): undefined reference to `aruco::CameraParameters::CameraParameters(aruco::CameraParameters const&)'
[30.769s] /usr/bin/ld: ar_tag_based_localizer.cpp:(.text+0x8f9c): undefined reference to `aruco::MarkerDetector::detect(cv::Mat const&, std::vector<aruco::Marker, std::allocator<aruco::Marker> >&, aruco::CameraParameters, float, bool, bool)'
[30.770s] /usr/bin/ld: ar_tag_based_localizer.cpp:(.text+0x909d): undefined reference to `aruco::Marker::draw(cv::Mat&, cv::Scalar_<double>, int, bool, bool) const'
[30.770s] /usr/bin/ld: ar_tag_based_localizer.cpp:(.text+0x90b2): undefined reference to `aruco::CvDrawingUtils::draw3dAxis(cv::Mat&, aruco::Marker&, aruco::CameraParameters const&, int)'
[30.774s] /usr/bin/ld: CMakeFiles/ar_tag_based_localizer.dir/src/ar_tag_based_localizer.cpp.o: in function `ArTagBasedLocalizer::ArTagBasedLocalizer(rclcpp::NodeOptions const&) [clone .cold]':
[30.775s] ar_tag_based_localizer.cpp:(.text.unlikely+0x1346): undefined reference to `aruco::MarkerDetector::~MarkerDetector()'
[30.777s] /usr/bin/ld: CMakeFiles/test_ar_tag_based_localizer.dir/src/ar_tag_based_localizer.cpp.o: in function `ArTagBasedLocalizer::cam_info_callback(std::shared_ptr<sensor_msgs::msg::CameraInfo_<std::allocator<void> > const> const&)':
[30.777s] ar_tag_based_localizer.cpp:(.text+0xc19): undefined reference to `aruco::CameraParameters::CameraParameters(cv::Mat, cv::Mat, cv::Size_<int>)'
[30.777s] /usr/bin/ld: ar_tag_based_localizer.cpp:(.text+0xc29): undefined reference to `aruco::CameraParameters::operator=(aruco::CameraParameters const&)'
[30.777s] /usr/bin/ld: CMakeFiles/test_ar_tag_based_localizer.dir/src/ar_tag_based_localizer.cpp.o: in function `ArTagBasedLocalizer::ArTagBasedLocalizer(rclcpp::NodeOptions const&)':
[30.777s] ar_tag_based_localizer.cpp:(.text+0x631d): undefined reference to `aruco::MarkerDetector::MarkerDetector()'
[30.778s] /usr/bin/ld: ar_tag_based_localizer.cpp:(.text+0x6333): undefined reference to `aruco::CameraParameters::CameraParameters()'
[30.778s] /usr/bin/ld: ar_tag_based_localizer.cpp:(.text+0x6874): undefined reference to `aruco::MarkerDetector::setDetectionMode(aruco::DetectionMode, float)'
[30.778s] /usr/bin/ld: ar_tag_based_localizer.cpp:(.text+0x6c8e): undefined reference to `aruco::MarkerDetector::getParameters()'
[30.778s] /usr/bin/ld: ar_tag_based_localizer.cpp:(.text+0x819c): undefined reference to `aruco::MarkerDetector::setDetectionMode(aruco::DetectionMode, float)'
[30.778s] /usr/bin/ld: ar_tag_based_localizer.cpp:(.text+0x840b): undefined reference to `aruco::MarkerDetector::setDetectionMode(aruco::DetectionMode, float)'
[30.778s] /usr/bin/ld: CMakeFiles/test_ar_tag_based_localizer.dir/src/ar_tag_based_localizer.cpp.o: in function `ArTagBasedLocalizer::detect_landmarks(std::shared_ptr<sensor_msgs::msg::Image_<std::allocator<void> > const> const&)':
[30.779s] ar_tag_based_localizer.cpp:(.text+0x8f71): undefined reference to `aruco::CameraParameters::CameraParameters(aruco::CameraParameters const&)'
[30.779s] /usr/bin/ld: ar_tag_based_localizer.cpp:(.text+0x8f9c): undefined reference to `aruco::MarkerDetector::detect(cv::Mat const&, std::vector<aruco::Marker, std::allocator<aruco::Marker> >&, aruco::CameraParameters, float, bool, bool)'
[30.779s] /usr/bin/ld: ar_tag_based_localizer.cpp:(.text+0x909d): undefined reference to `/usr/bin/ldaruco::Marker::draw(cv::Mat&, cv::Scalar_<double>, int, bool, bool) const: '
[30.779s] /usr/bin/ld: ar_tag_based_localizer.cpp:(.text+0x90b2): undefined reference to `aruco::CvDrawingUtils::draw3dAxis(cv::Mat&, aruco::Marker&, aruco::CameraParameters const&, int)'
[30.779s] CMakeFiles/ar_tag_based_localizer.dir/src/ar_tag_based_localizer.cpp.o: in function `ArTagBasedLocalizer::~ArTagBasedLocalizer()':
[30.779s] ar_tag_based_localizer.cpp:(.text._ZN19ArTagBasedLocalizerD2Ev[_ZN19ArTagBasedLocalizerD5Ev]+0x29a): undefined reference to `aruco::MarkerDetector::~MarkerDetector()'
[30.783s] /usr/bin/ld: CMakeFiles/test_ar_tag_based_localizer.dir/src/ar_tag_based_localizer.cpp.o: in function `ArTagBasedLocalizer::ArTagBasedLocalizer(rclcpp::NodeOptions const&) [clone .cold]':
[30.783s] ar_tag_based_localizer.cpp:(.text.unlikely+0x1346): undefined reference to `aruco::MarkerDetector::~MarkerDetector()'
[30.786s] /usr/bin/ld: CMakeFiles/test_ar_tag_based_localizer.dir/src/ar_tag_based_localizer.cpp.o: in function `ArTagBasedLocalizer::~ArTagBasedLocalizer()':
[30.786s] ar_tag_based_localizer.cpp:(.text._ZN19ArTagBasedLocalizerD2Ev[_ZN19ArTagBasedLocalizerD5Ev]+0x29a): undefined reference to `aruco::MarkerDetector::~MarkerDetector()'
[30.832s] collect2: error: ld returned 1 exit status
[30.834s] gmake[2]: *** [CMakeFiles/ar_tag_based_localizer.dir/build.make:657: ar_tag_based_localizer] Error 1
[30.834s] gmake[1]: *** [CMakeFiles/Makefile2:157: CMakeFiles/ar_tag_based_localizer.dir/all] Error 2
[30.834s] gmake[1]: *** Waiting for unfinished jobs....
[30.845s] collect2: error: ld returned 1 exit status
[30.846s] gmake[2]: *** [CMakeFiles/test_ar_tag_based_localizer.dir/build.make:659: test_ar_tag_based_localizer] Error 1
[30.847s] gmake[1]: *** [CMakeFiles/Makefile2:184: CMakeFiles/test_ar_tag_based_localizer.dir/all] Error 2
[30.847s] gmake: *** [Makefile:146: all] Error 2
[30.849s] Invoked command in '/home/zyme/ros_ws/Autoware_sim_test/build/ar_tag_based_localizer' returned '2': AMENT_PREFIX_PATH=/home/zyme/ros_ws/Autoware_sim_test/install/landmark_manager:/home/zyme/ros_ws/Autoware_sim_test/install/localization_util:/home/zyme/ros_ws/Autoware_sim_test/install/tier4_autoware_utils:/home/zyme/ros_ws/Autoware_sim_test/install/lanelet2_extension:/home/zyme/ros_ws/Autoware_sim_test/install/autoware_utils:/home/zyme/ros_ws/Autoware_sim_test/install/autoware_auto_vehicle_msgs:/home/zyme/ros_ws/Autoware_sim_test/install/autoware_cmake:/home/zyme/ros_ws/Autoware_sim_test/install/autoware_auto_planning_msgs:/home/zyme/ros_ws/Autoware_sim_test/install/autoware_auto_perception_msgs:/home/zyme/ros_ws/Autoware_sim_test/install/tier4_localization_msgs:/home/zyme/ros_ws/Autoware_sim_test/install/tier4_debug_msgs:/home/zyme/ros_ws/Autoware_sim_test/install/autoware_planning_msgs:/home/zyme/ros_ws/Autoware_sim_test/install/autoware_auto_mapping_msgs:/home/zyme/ros_ws/Autoware_sim_test/install/autoware_auto_geometry_msgs:${AMENT_PREFIX_PATH} CMAKE_PREFIX_PATH=/home/zyme/ros_ws/Autoware_sim_test/install/landmark_manager:/home/zyme/ros_ws/Autoware_sim_test/install/localization_util:/home/zyme/ros_ws/Autoware_sim_test/install/tier4_autoware_utils:/home/zyme/ros_ws/Autoware_sim_test/install/lanelet2_extension:/home/zyme/ros_ws/Autoware_sim_test/install/autoware_utils:/home/zyme/ros_ws/Autoware_sim_test/install/autoware_auto_vehicle_msgs:/home/zyme/ros_ws/Autoware_sim_test/install/autoware_cmake:/home/zyme/ros_ws/Autoware_sim_test/install/autoware_auto_planning_msgs:/home/zyme/ros_ws/Autoware_sim_test/install/autoware_auto_perception_msgs:/home/zyme/ros_ws/Autoware_sim_test/install/tier4_localization_msgs:/home/zyme/ros_ws/Autoware_sim_test/install/tier4_debug_msgs:/home/zyme/ros_ws/Autoware_sim_test/install/autoware_planning_msgs:/home/zyme/ros_ws/Autoware_sim_test/install/autoware_auto_mapping_msgs:/home/zyme/ros_ws/Autoware_sim_test/install/autoware_auto_geometry_msgs:/opt/ros/humble LD_LIBRARY_PATH=/home/zyme/ros_ws/Autoware_sim_test/install/landmark_manager/lib:/home/zyme/ros_ws/Autoware_sim_test/install/localization_util/lib:/home/zyme/ros_ws/Autoware_sim_test/install/tier4_autoware_utils/lib:/home/zyme/ros_ws/Autoware_sim_test/install/lanelet2_extension/lib:/home/zyme/ros_ws/Autoware_sim_test/install/autoware_utils/lib:/home/zyme/ros_ws/Autoware_sim_test/install/autoware_auto_vehicle_msgs/lib:/home/zyme/ros_ws/Autoware_sim_test/install/autoware_auto_planning_msgs/lib:/home/zyme/ros_ws/Autoware_sim_test/install/autoware_auto_perception_msgs/lib:/home/zyme/ros_ws/Autoware_sim_test/install/tier4_localization_msgs/lib:/home/zyme/ros_ws/Autoware_sim_test/install/tier4_debug_msgs/lib:/home/zyme/ros_ws/Autoware_sim_test/install/autoware_planning_msgs/lib:/home/zyme/ros_ws/Autoware_sim_test/install/autoware_auto_mapping_msgs/lib:/home/zyme/ros_ws/Autoware_sim_test/install/autoware_auto_geometry_msgs/lib:${LD_LIBRARY_PATH} PYTHONPATH=/home/zyme/ros_ws/Autoware_sim_test/install/autoware_auto_vehicle_msgs/local/lib/python3.10/dist-packages:/home/zyme/ros_ws/Autoware_sim_test/install/autoware_auto_planning_msgs/local/lib/python3.10/dist-packages:/home/zyme/ros_ws/Autoware_sim_test/install/autoware_auto_perception_msgs/local/lib/python3.10/dist-packages:/home/zyme/ros_ws/Autoware_sim_test/install/tier4_localization_msgs/local/lib/python3.10/dist-packages:/home/zyme/ros_ws/Autoware_sim_test/install/tier4_debug_msgs/local/lib/python3.10/dist-packages:/home/zyme/ros_ws/Autoware_sim_test/install/autoware_planning_msgs/local/lib/python3.10/dist-packages:/home/zyme/ros_ws/Autoware_sim_test/install/autoware_auto_mapping_msgs/local/lib/python3.10/dist-packages:/home/zyme/ros_ws/Autoware_sim_test/install/autoware_auto_geometry_msgs/local/lib/python3.10/dist-packages:${PYTHONPATH} /usr/bin/cmake --build /home/zyme/ros_ws/Autoware_sim_test/build/ar_tag_based_localizer -- -j12 -l12
