In file included from [01m[K/home/zyme/ros_ws/Autoware_sim_test/src/autoware/src/universe/autoware.universe/system/velodyne_monitor/src/velodyne_monitor.cpp:20[m[K:
[01m[K/home/zyme/ros_ws/Autoware_sim_test/src/autoware/src/universe/autoware.universe/system/velodyne_monitor/include/velodyne_monitor/velodyne_monitor.hpp:32:10:[m[K [01;31m[Kfatal error: [m[Kcpprest/http_client.h: No such file or directory
   32 | #include [01;31m[K<cpprest/http_client.h>[m[K
      |          [01;31m[K^~~~~~~~~~~~~~~~~~~~~~~[m[K
compilation terminated.
In file included from [01m[K/home/zyme/ros_ws/Autoware_sim_test/src/autoware/src/universe/autoware.universe/system/velodyne_monitor/src/velodyne_monitor_node.cpp:20[m[K:
[01m[K/home/zyme/ros_ws/Autoware_sim_test/src/autoware/src/universe/autoware.universe/system/velodyne_monitor/include/velodyne_monitor/velodyne_monitor.hpp:32:10:[m[K [01;31m[Kfatal error: [m[Kcpprest/http_client.h: No such file or directory
   32 | #include [01;31m[K<cpprest/http_client.h>[m[K
      |          [01;31m[K^~~~~~~~~~~~~~~~~~~~~~~[m[K
compilation terminated.
gmake[2]: *** [CMakeFiles/velodyne_monitor.dir/build.make:90: CMakeFiles/velodyne_monitor.dir/src/velodyne_monitor.cpp.o] Error 1
gmake[2]: *** Waiting for unfinished jobs....
gmake[2]: *** [CMakeFiles/velodyne_monitor.dir/build.make:76: CMakeFiles/velodyne_monitor.dir/src/velodyne_monitor_node.cpp.o] Error 1
gmake[1]: *** [CMakeFiles/Makefile2:137: CMakeFiles/velodyne_monitor.dir/all] Error 2
gmake: *** [Makefile:146: all] Error 2
