-- The C compiler identification is GNU 11.4.0
-- The CXX compiler identification is GNU 11.4.0
-- Detecting C compiler ABI info
-- Detecting C compiler ABI info - done
-- Check for working C compiler: /usr/bin/cc - skipped
-- Detecting C compile features
-- Detecting C compile features - done
-- Detecting CXX compiler ABI info
-- Detecting CXX compiler ABI info - done
-- Check for working CXX compiler: /usr/bin/c++ - skipped
-- Detecting CXX compile features
-- Detecting CXX compile features - done
-- Found autoware_cmake: 0.1.0 (/home/zyme/ros_ws/Autoware_sim_test/install/autoware_cmake/share/autoware_cmake/cmake)
-- Found Python3: /usr/bin/python3 (found version "3.10.12") found components: Interpreter 
-- Override CMake install command with custom implementation using symlinks instead of copying resources
-- Found rosidl_generator_c: 3.1.5 (/opt/ros/humble/share/rosidl_generator_c/cmake)
-- Found rosidl_adapter: 3.1.5 (/opt/ros/humble/share/rosidl_adapter/cmake)
-- Found rosidl_generator_cpp: 3.1.5 (/opt/ros/humble/share/rosidl_generator_cpp/cmake)
-- Using all available rosidl_typesupport_c: rosidl_typesupport_fastrtps_c;rosidl_typesupport_introspection_c
-- Using all available rosidl_typesupport_cpp: rosidl_typesupport_fastrtps_cpp;rosidl_typesupport_introspection_cpp
-- Found rmw_implementation_cmake: 6.1.1 (/opt/ros/humble/share/rmw_implementation_cmake/cmake)
-- Found rmw_cyclonedds_cpp: 1.3.4 (/opt/ros/humble/share/rmw_cyclonedds_cpp/cmake)
-- Using RMW implementation 'rmw_cyclonedds_cpp' as default
-- Looking for pthread.h
-- Looking for pthread.h - found
-- Performing Test CMAKE_HAVE_LIBC_PTHREAD
-- Performing Test CMAKE_HAVE_LIBC_PTHREAD - Success
-- Found Threads: TRUE  
-- Found ament_lint_auto: 0.12.10 (/opt/ros/humble/share/ament_lint_auto/cmake)
-- Added test 'copyright' to check source files copyright and LICENSE
-- Added test 'cppcheck' to perform static code analysis on C / C++ code
-- Configured cppcheck include dirs: /home/zyme/ros_ws/Autoware_sim_test/src/autoware/src/universe/autoware.universe/system/velodyne_monitor/include
-- Configured cppcheck exclude dirs and/or files: 
-- Added test 'lint_cmake' to check CMake code style
-- Added test 'xmllint' to check XML markup files
-- Configuring done
-- Generating done
-- Build files have been written to: /home/zyme/ros_ws/Autoware_sim_test/build/velodyne_monitor
[ 66%] [32mBuilding CXX object CMakeFiles/velodyne_monitor.dir/src/velodyne_monitor.cpp.o[0m
[ 66%] [32mBuilding CXX object CMakeFiles/velodyne_monitor.dir/src/velodyne_monitor_node.cpp.o[0m
In file included from [01m[K/home/zyme/ros_ws/Autoware_sim_test/src/autoware/src/universe/autoware.universe/system/velodyne_monitor/src/velodyne_monitor.cpp:20[m[K:
[01m[K/home/zyme/ros_ws/Autoware_sim_test/src/autoware/src/universe/autoware.universe/system/velodyne_monitor/include/velodyne_monitor/velodyne_monitor.hpp:32:10:[m[K [01;31m[Kfatal error: [m[Kcpprest/http_client.h: No such file or directory
   32 | #include [01;31m[K<cpprest/http_client.h>[m[K
      |          [01;31m[K^~~~~~~~~~~~~~~~~~~~~~~[m[K
compilation terminated.
In file included from [01m[K/home/zyme/ros_ws/Autoware_sim_test/src/autoware/src/universe/autoware.universe/system/velodyne_monitor/src/velodyne_monitor_node.cpp:20[m[K:
[01m[K/home/zyme/ros_ws/Autoware_sim_test/src/autoware/src/universe/autoware.universe/system/velodyne_monitor/include/velodyne_monitor/velodyne_monitor.hpp:32:10:[m[K [01;31m[Kfatal error: [m[Kcpprest/http_client.h: No such file or directory
   32 | #include [01;31m[K<cpprest/http_client.h>[m[K
      |          [01;31m[K^~~~~~~~~~~~~~~~~~~~~~~[m[K
compilation terminated.
gmake[2]: *** [CMakeFiles/velodyne_monitor.dir/build.make:90: CMakeFiles/velodyne_monitor.dir/src/velodyne_monitor.cpp.o] Error 1
gmake[2]: *** Waiting for unfinished jobs....
gmake[2]: *** [CMakeFiles/velodyne_monitor.dir/build.make:76: CMakeFiles/velodyne_monitor.dir/src/velodyne_monitor_node.cpp.o] Error 1
gmake[1]: *** [CMakeFiles/Makefile2:137: CMakeFiles/velodyne_monitor.dir/all] Error 2
gmake: *** [Makefile:146: all] Error 2
