[0.055s] Invoking command in '/home/zyme/ros_ws/Autoware_sim_test/build/velodyne_monitor': AMENT_PREFIX_PATH=/home/zyme/ros_ws/Autoware_sim_test/install/autoware_cmake:/home/zyme/ros_ws/Autoware_sim_test/install/autoware_lint_common:${AMENT_PREFIX_PATH} CMAKE_PREFIX_PATH=/home/zyme/ros_ws/Autoware_sim_test/install/autoware_cmake:/home/zyme/ros_ws/Autoware_sim_test/install/autoware_lint_common:/opt/ros/humble /usr/bin/cmake /home/zyme/ros_ws/Autoware_sim_test/src/autoware/src/universe/autoware.universe/system/velodyne_monitor -DCMAKE_BUILD_TYPE=Release -DCMAKE_CXX_FLAGS=-w -DAMENT_CMAKE_SYMLINK_INSTALL=1 -DCMAKE_INSTALL_PREFIX=/home/zyme/ros_ws/Autoware_sim_test/install/velodyne_monitor
[0.106s] -- The C compiler identification is GNU 11.4.0
[0.159s] -- The CXX compiler identification is GNU 11.4.0
[0.165s] -- Detecting C compiler ABI info
[0.229s] -- Detecting C compiler ABI info - done
[0.235s] -- Check for working C compiler: /usr/bin/cc - skipped
[0.235s] -- Detecting C compile features
[0.236s] -- Detecting C compile features - done
[0.238s] -- Detecting CXX compiler ABI info
[0.311s] -- Detecting CXX compiler ABI info - done
[0.318s] -- Check for working CXX compiler: /usr/bin/c++ - skipped
[0.319s] -- Detecting CXX compile features
[0.319s] -- Detecting CXX compile features - done
[0.320s] -- Found autoware_cmake: 0.1.0 (/home/zyme/ros_ws/Autoware_sim_test/install/autoware_cmake/share/autoware_cmake/cmake)
[0.465s] -- Found Python3: /usr/bin/python3 (found version "3.10.12") found components: Interpreter 
[0.521s] -- Override CMake install command with custom implementation using symlinks instead of copying resources
[0.667s] -- Found rosidl_generator_c: 3.1.5 (/opt/ros/humble/share/rosidl_generator_c/cmake)
[0.672s] -- Found rosidl_adapter: 3.1.5 (/opt/ros/humble/share/rosidl_adapter/cmake)
[0.681s] -- Found rosidl_generator_cpp: 3.1.5 (/opt/ros/humble/share/rosidl_generator_cpp/cmake)
[0.696s] -- Using all available rosidl_typesupport_c: rosidl_typesupport_fastrtps_c;rosidl_typesupport_introspection_c
[0.716s] -- Using all available rosidl_typesupport_cpp: rosidl_typesupport_fastrtps_cpp;rosidl_typesupport_introspection_cpp
[0.922s] -- Found rmw_implementation_cmake: 6.1.1 (/opt/ros/humble/share/rmw_implementation_cmake/cmake)
[0.924s] -- Found rmw_cyclonedds_cpp: 1.3.4 (/opt/ros/humble/share/rmw_cyclonedds_cpp/cmake)
[0.960s] -- Using RMW implementation 'rmw_cyclonedds_cpp' as default
[0.971s] -- Looking for pthread.h
[1.038s] -- Looking for pthread.h - found
[1.038s] -- Performing Test CMAKE_HAVE_LIBC_PTHREAD
[1.110s] -- Performing Test CMAKE_HAVE_LIBC_PTHREAD - Success
[1.111s] -- Found Threads: TRUE  
[1.290s] -- Found ament_lint_auto: 0.12.10 (/opt/ros/humble/share/ament_lint_auto/cmake)
[1.311s] -- Added test 'copyright' to check source files copyright and LICENSE
[1.314s] -- Added test 'cppcheck' to perform static code analysis on C / C++ code
[1.314s] -- Configured cppcheck include dirs: /home/zyme/ros_ws/Autoware_sim_test/src/autoware/src/universe/autoware.universe/system/velodyne_monitor/include
[1.314s] -- Configured cppcheck exclude dirs and/or files: 
[1.315s] -- Added test 'lint_cmake' to check CMake code style
[1.316s] -- Added test 'xmllint' to check XML markup files
[1.320s] -- Configuring done
[1.330s] -- Generating done
[1.332s] -- Build files have been written to: /home/zyme/ros_ws/Autoware_sim_test/build/velodyne_monitor
[1.341s] Invoked command in '/home/zyme/ros_ws/Autoware_sim_test/build/velodyne_monitor' returned '0': AMENT_PREFIX_PATH=/home/zyme/ros_ws/Autoware_sim_test/install/autoware_cmake:/home/zyme/ros_ws/Autoware_sim_test/install/autoware_lint_common:${AMENT_PREFIX_PATH} CMAKE_PREFIX_PATH=/home/zyme/ros_ws/Autoware_sim_test/install/autoware_cmake:/home/zyme/ros_ws/Autoware_sim_test/install/autoware_lint_common:/opt/ros/humble /usr/bin/cmake /home/zyme/ros_ws/Autoware_sim_test/src/autoware/src/universe/autoware.universe/system/velodyne_monitor -DCMAKE_BUILD_TYPE=Release -DCMAKE_CXX_FLAGS=-w -DAMENT_CMAKE_SYMLINK_INSTALL=1 -DCMAKE_INSTALL_PREFIX=/home/zyme/ros_ws/Autoware_sim_test/install/velodyne_monitor
[1.342s] Invoking command in '/home/zyme/ros_ws/Autoware_sim_test/build/velodyne_monitor': AMENT_PREFIX_PATH=/home/zyme/ros_ws/Autoware_sim_test/install/autoware_cmake:/home/zyme/ros_ws/Autoware_sim_test/install/autoware_lint_common:${AMENT_PREFIX_PATH} CMAKE_PREFIX_PATH=/home/zyme/ros_ws/Autoware_sim_test/install/autoware_cmake:/home/zyme/ros_ws/Autoware_sim_test/install/autoware_lint_common:/opt/ros/humble /usr/bin/cmake --build /home/zyme/ros_ws/Autoware_sim_test/build/velodyne_monitor -- -j12 -l12
[1.393s] [ 66%] [32mBuilding CXX object CMakeFiles/velodyne_monitor.dir/src/velodyne_monitor.cpp.o[0m
[1.393s] [ 66%] [32mBuilding CXX object CMakeFiles/velodyne_monitor.dir/src/velodyne_monitor_node.cpp.o[0m
[1.703s] In file included from [01m[K/home/zyme/ros_ws/Autoware_sim_test/src/autoware/src/universe/autoware.universe/system/velodyne_monitor/src/velodyne_monitor.cpp:20[m[K:
[1.703s] [01m[K/home/zyme/ros_ws/Autoware_sim_test/src/autoware/src/universe/autoware.universe/system/velodyne_monitor/include/velodyne_monitor/velodyne_monitor.hpp:32:10:[m[K [01;31m[Kfatal error: [m[Kcpprest/http_client.h: No such file or directory
[1.704s]    32 | #include [01;31m[K<cpprest/http_client.h>[m[K
[1.704s]       |          [01;31m[K^~~~~~~~~~~~~~~~~~~~~~~[m[K
[1.704s] compilation terminated.
[1.705s] In file included from [01m[K/home/zyme/ros_ws/Autoware_sim_test/src/autoware/src/universe/autoware.universe/system/velodyne_monitor/src/velodyne_monitor_node.cpp:20[m[K:
[1.706s] [01m[K/home/zyme/ros_ws/Autoware_sim_test/src/autoware/src/universe/autoware.universe/system/velodyne_monitor/include/velodyne_monitor/velodyne_monitor.hpp:32:10:[m[K [01;31m[Kfatal error: [m[Kcpprest/http_client.h: No such file or directory
[1.706s]    32 | #include [01;31m[K<cpprest/http_client.h>[m[K
[1.706s]       |          [01;31m[K^~~~~~~~~~~~~~~~~~~~~~~[m[K
[1.706s] compilation terminated.
[1.708s] gmake[2]: *** [CMakeFiles/velodyne_monitor.dir/build.make:90: CMakeFiles/velodyne_monitor.dir/src/velodyne_monitor.cpp.o] Error 1
[1.708s] gmake[2]: *** Waiting for unfinished jobs....
[1.709s] gmake[2]: *** [CMakeFiles/velodyne_monitor.dir/build.make:76: CMakeFiles/velodyne_monitor.dir/src/velodyne_monitor_node.cpp.o] Error 1
[1.709s] gmake[1]: *** [CMakeFiles/Makefile2:137: CMakeFiles/velodyne_monitor.dir/all] Error 2
[1.710s] gmake: *** [Makefile:146: all] Error 2
[1.712s] Invoked command in '/home/zyme/ros_ws/Autoware_sim_test/build/velodyne_monitor' returned '2': AMENT_PREFIX_PATH=/home/zyme/ros_ws/Autoware_sim_test/install/autoware_cmake:/home/zyme/ros_ws/Autoware_sim_test/install/autoware_lint_common:${AMENT_PREFIX_PATH} CMAKE_PREFIX_PATH=/home/zyme/ros_ws/Autoware_sim_test/install/autoware_cmake:/home/zyme/ros_ws/Autoware_sim_test/install/autoware_lint_common:/opt/ros/humble /usr/bin/cmake --build /home/zyme/ros_ws/Autoware_sim_test/build/velodyne_monitor -- -j12 -l12
