[0.076s] Invoking command in '/home/zyme/ros_ws/Autoware_sim_test/build/eagleye_gnss_converter': AMENT_PREFIX_PATH=/home/zyme/ros_ws/Autoware_sim_test/install/eagleye_navigation:/home/zyme/ros_ws/Autoware_sim_test/install/eagleye_msgs:/home/zyme/ros_ws/Autoware_sim_test/install/rtklib_msgs:/home/zyme/ros_ws/Autoware_sim_test/install/eagleye_coordinate:${AMENT_PREFIX_PATH} CMAKE_PREFIX_PATH=/home/zyme/ros_ws/Autoware_sim_test/install/eagleye_navigation:/home/zyme/ros_ws/Autoware_sim_test/install/eagleye_msgs:/home/zyme/ros_ws/Autoware_sim_test/install/rtklib_msgs:/home/zyme/ros_ws/Autoware_sim_test/install/eagleye_coordinate:/opt/ros/humble LD_LIBRARY_PATH=/home/zyme/ros_ws/Autoware_sim_test/install/eagleye_navigation/lib:/home/zyme/ros_ws/Autoware_sim_test/install/eagleye_msgs/lib:/home/zyme/ros_ws/Autoware_sim_test/install/rtklib_msgs/lib:/home/zyme/ros_ws/Autoware_sim_test/install/eagleye_coordinate/lib:${LD_LIBRARY_PATH} PYTHONPATH=/home/zyme/ros_ws/Autoware_sim_test/install/eagleye_msgs/local/lib/python3.10/dist-packages:/home/zyme/ros_ws/Autoware_sim_test/install/rtklib_msgs/local/lib/python3.10/dist-packages:${PYTHONPATH} /usr/bin/cmake --build /home/zyme/ros_ws/Autoware_sim_test/build/eagleye_gnss_converter -- -j12 -l12
[0.141s] [ 33%] [32mBuilding CXX object CMakeFiles/gnss_converter.dir/src/gnss_converter_node.cpp.o[0m
[0.635s] [01m[K/home/zyme/ros_ws/Autoware_sim_test/src/autoware/src/universe/external/eagleye/eagleye_util/gnss_converter/src/gnss_converter_node.cpp:4:10:[m[K [01;31m[Kfatal error: [m[Kublox_msgs/msg/nav_pvt.hpp: No such file or directory
[0.635s]     4 | #include [01;31m[K<ublox_msgs/msg/nav_pvt.hpp>[m[K
[0.635s]       |          [01;31m[K^~~~~~~~~~~~~~~~~~~~~~~~~~~~[m[K
[0.635s] compilation terminated.
[0.638s] gmake[2]: *** [CMakeFiles/gnss_converter.dir/build.make:90: CMakeFiles/gnss_converter.dir/src/gnss_converter_node.cpp.o] Error 1
[0.638s] gmake[1]: *** [CMakeFiles/Makefile2:137: CMakeFiles/gnss_converter.dir/all] Error 2
[0.638s] gmake: *** [Makefile:146: all] Error 2
[0.641s] Invoked command in '/home/zyme/ros_ws/Autoware_sim_test/build/eagleye_gnss_converter' returned '2': AMENT_PREFIX_PATH=/home/zyme/ros_ws/Autoware_sim_test/install/eagleye_navigation:/home/zyme/ros_ws/Autoware_sim_test/install/eagleye_msgs:/home/zyme/ros_ws/Autoware_sim_test/install/rtklib_msgs:/home/zyme/ros_ws/Autoware_sim_test/install/eagleye_coordinate:${AMENT_PREFIX_PATH} CMAKE_PREFIX_PATH=/home/zyme/ros_ws/Autoware_sim_test/install/eagleye_navigation:/home/zyme/ros_ws/Autoware_sim_test/install/eagleye_msgs:/home/zyme/ros_ws/Autoware_sim_test/install/rtklib_msgs:/home/zyme/ros_ws/Autoware_sim_test/install/eagleye_coordinate:/opt/ros/humble LD_LIBRARY_PATH=/home/zyme/ros_ws/Autoware_sim_test/install/eagleye_navigation/lib:/home/zyme/ros_ws/Autoware_sim_test/install/eagleye_msgs/lib:/home/zyme/ros_ws/Autoware_sim_test/install/rtklib_msgs/lib:/home/zyme/ros_ws/Autoware_sim_test/install/eagleye_coordinate/lib:${LD_LIBRARY_PATH} PYTHONPATH=/home/zyme/ros_ws/Autoware_sim_test/install/eagleye_msgs/local/lib/python3.10/dist-packages:/home/zyme/ros_ws/Autoware_sim_test/install/rtklib_msgs/local/lib/python3.10/dist-packages:${PYTHONPATH} /usr/bin/cmake --build /home/zyme/ros_ws/Autoware_sim_test/build/eagleye_gnss_converter -- -j12 -l12
