[0.091s] Invoking command in '/home/zyme/ros_ws/Autoware_sim_test/build/ar_tag_based_localizer': AMENT_PREFIX_PATH=/home/zyme/ros_ws/Autoware_sim_test/install/landmark_manager:/home/zyme/ros_ws/Autoware_sim_test/install/localization_util:/home/zyme/ros_ws/Autoware_sim_test/install/tier4_autoware_utils:/home/zyme/ros_ws/Autoware_sim_test/install/lanelet2_extension:/home/zyme/ros_ws/Autoware_sim_test/install/autoware_utils:/home/zyme/ros_ws/Autoware_sim_test/install/autoware_auto_vehicle_msgs:/home/zyme/ros_ws/Autoware_sim_test/install/autoware_cmake:/home/zyme/ros_ws/Autoware_sim_test/install/autoware_auto_planning_msgs:/home/zyme/ros_ws/Autoware_sim_test/install/autoware_auto_perception_msgs:/home/zyme/ros_ws/Autoware_sim_test/install/tier4_localization_msgs:/home/zyme/ros_ws/Autoware_sim_test/install/tier4_debug_msgs:/home/zyme/ros_ws/Autoware_sim_test/install/autoware_planning_msgs:/home/zyme/ros_ws/Autoware_sim_test/install/autoware_auto_mapping_msgs:/home/zyme/ros_ws/Autoware_sim_test/install/autoware_auto_geometry_msgs:${AMENT_PREFIX_PATH} CMAKE_PREFIX_PATH=/home/zyme/ros_ws/Autoware_sim_test/install/landmark_manager:/home/zyme/ros_ws/Autoware_sim_test/install/localization_util:/home/zyme/ros_ws/Autoware_sim_test/install/tier4_autoware_utils:/home/zyme/ros_ws/Autoware_sim_test/install/lanelet2_extension:/home/zyme/ros_ws/Autoware_sim_test/install/autoware_utils:/home/zyme/ros_ws/Autoware_sim_test/install/autoware_auto_vehicle_msgs:/home/zyme/ros_ws/Autoware_sim_test/install/autoware_cmake:/home/zyme/ros_ws/Autoware_sim_test/install/autoware_auto_planning_msgs:/home/zyme/ros_ws/Autoware_sim_test/install/autoware_auto_perception_msgs:/home/zyme/ros_ws/Autoware_sim_test/install/tier4_localization_msgs:/home/zyme/ros_ws/Autoware_sim_test/install/tier4_debug_msgs:/home/zyme/ros_ws/Autoware_sim_test/install/autoware_planning_msgs:/home/zyme/ros_ws/Autoware_sim_test/install/autoware_auto_mapping_msgs:/home/zyme/ros_ws/Autoware_sim_test/install/autoware_auto_geometry_msgs:/opt/ros/humble LD_LIBRARY_PATH=/home/zyme/ros_ws/Autoware_sim_test/install/landmark_manager/lib:/home/zyme/ros_ws/Autoware_sim_test/install/localization_util/lib:/home/zyme/ros_ws/Autoware_sim_test/install/tier4_autoware_utils/lib:/home/zyme/ros_ws/Autoware_sim_test/install/lanelet2_extension/lib:/home/zyme/ros_ws/Autoware_sim_test/install/autoware_utils/lib:/home/zyme/ros_ws/Autoware_sim_test/install/autoware_auto_vehicle_msgs/lib:/home/zyme/ros_ws/Autoware_sim_test/install/autoware_auto_planning_msgs/lib:/home/zyme/ros_ws/Autoware_sim_test/install/autoware_auto_perception_msgs/lib:/home/zyme/ros_ws/Autoware_sim_test/install/tier4_localization_msgs/lib:/home/zyme/ros_ws/Autoware_sim_test/install/tier4_debug_msgs/lib:/home/zyme/ros_ws/Autoware_sim_test/install/autoware_planning_msgs/lib:/home/zyme/ros_ws/Autoware_sim_test/install/autoware_auto_mapping_msgs/lib:/home/zyme/ros_ws/Autoware_sim_test/install/autoware_auto_geometry_msgs/lib:${LD_LIBRARY_PATH} PYTHONPATH=/home/zyme/ros_ws/Autoware_sim_test/install/autoware_auto_vehicle_msgs/local/lib/python3.10/dist-packages:/home/zyme/ros_ws/Autoware_sim_test/install/autoware_auto_planning_msgs/local/lib/python3.10/dist-packages:/home/zyme/ros_ws/Autoware_sim_test/install/autoware_auto_perception_msgs/local/lib/python3.10/dist-packages:/home/zyme/ros_ws/Autoware_sim_test/install/tier4_localization_msgs/local/lib/python3.10/dist-packages:/home/zyme/ros_ws/Autoware_sim_test/install/tier4_debug_msgs/local/lib/python3.10/dist-packages:/home/zyme/ros_ws/Autoware_sim_test/install/autoware_planning_msgs/local/lib/python3.10/dist-packages:/home/zyme/ros_ws/Autoware_sim_test/install/autoware_auto_mapping_msgs/local/lib/python3.10/dist-packages:/home/zyme/ros_ws/Autoware_sim_test/install/autoware_auto_geometry_msgs/local/lib/python3.10/dist-packages:${PYTHONPATH} /usr/bin/cmake /home/zyme/ros_ws/Autoware_sim_test/src/autoware/src/universe/autoware.universe/localization/landmark_based_localizer/ar_tag_based_localizer -DCMAKE_BUILD_TYPE=Release -DCMAKE_CXX_FLAGS=-w -DAMENT_CMAKE_SYMLINK_INSTALL=1 -DCMAKE_INSTALL_PREFIX=/home/zyme/ros_ws/Autoware_sim_test/install/ar_tag_based_localizer
[0.148s] -- The C compiler identification is GNU 11.4.0
[0.205s] -- The CXX compiler identification is GNU 11.4.0
[0.213s] -- Detecting C compiler ABI info
[0.295s] -- Detecting C compiler ABI info - done
[0.303s] -- Check for working C compiler: /usr/bin/cc - skipped
[0.303s] -- Detecting C compile features
[0.304s] -- Detecting C compile features - done
[0.307s] -- Detecting CXX compiler ABI info
[0.388s] -- Detecting CXX compiler ABI info - done
[0.395s] -- Check for working CXX compiler: /usr/bin/c++ - skipped
[0.395s] -- Detecting CXX compile features
[0.395s] -- Detecting CXX compile features - done
[0.397s] -- Found autoware_cmake: 0.1.0 (/home/zyme/ros_ws/Autoware_sim_test/install/autoware_cmake/share/autoware_cmake/cmake)
[0.552s] -- Found Python3: /usr/bin/python3 (found version "3.10.12") found components: Interpreter 
[0.611s] -- Override CMake install command with custom implementation using symlinks instead of copying resources
[0.804s] -- Found rosidl_generator_c: 3.1.5 (/opt/ros/humble/share/rosidl_generator_c/cmake)
[0.812s] -- Found rosidl_adapter: 3.1.5 (/opt/ros/humble/share/rosidl_adapter/cmake)
[0.823s] -- Found rosidl_generator_cpp: 3.1.5 (/opt/ros/humble/share/rosidl_generator_cpp/cmake)
[0.840s] -- Using all available rosidl_typesupport_c: rosidl_typesupport_fastrtps_c;rosidl_typesupport_introspection_c
[0.863s] -- Using all available rosidl_typesupport_cpp: rosidl_typesupport_fastrtps_cpp;rosidl_typesupport_introspection_cpp
[1.961s] -- Found rmw_implementation_cmake: 6.1.1 (/opt/ros/humble/share/rmw_implementation_cmake/cmake)
[1.965s] -- Found rmw_cyclonedds_cpp: 1.3.4 (/opt/ros/humble/share/rmw_cyclonedds_cpp/cmake)
[2.005s] -- Using RMW implementation 'rmw_cyclonedds_cpp' as default
[2.020s] -- Looking for pthread.h
[2.094s] -- Looking for pthread.h - found
[2.094s] -- Performing Test CMAKE_HAVE_LIBC_PTHREAD
[2.171s] -- Performing Test CMAKE_HAVE_LIBC_PTHREAD - Success
[2.172s] -- Found Threads: TRUE  
[2.338s] -- Found mrt_cmake_modules: 1.0.9 (/opt/ros/humble/share/mrt_cmake_modules/cmake)
[2.446s] -- Found Boost: /usr/lib/x86_64-linux-gnu/cmake/Boost-1.74.0/BoostConfig.cmake (found version "1.74.0") found components: wserialization thread random serialization log_setup prg_exec_monitor wave system chrono filesystem locale timer date_time regex graph program_options unit_test_framework log atomic iostreams 
[2.747s] -- Found OpenMP_C: -fopenmp (found version "4.5") 
[2.837s] -- Found OpenMP_CXX: -fopenmp (found version "4.5") 
[2.838s] -- Found OpenMP: TRUE (found version "4.5")  
[2.853s] -- Found pugixml: /usr/lib/x86_64-linux-gnu/libpugixml.so  
[2.881s] -- Found PkgConfig: /usr/bin/pkg-config (found version "0.29.2") 
[2.883s] -- Found GeographicLib: /usr/lib/x86_64-linux-gnu/libGeographic.so  
[2.982s] -- Found eigen3_cmake_module: 0.1.1 (/opt/ros/humble/share/eigen3_cmake_module/cmake)
[2.983s] -- Found Eigen3: TRUE (found version "3.4.0") 
[2.983s] -- Ensuring Eigen3 include directory is part of orocos-kdl CMake target
[5.238s] -- Checking for module 'eigen3'
[5.253s] --   Found eigen3, version 3.4.0
[5.290s] -- Found Eigen: /usr/include/eigen3 (Required is at least version "3.1") 
[5.290s] -- Eigen found (include: /usr/include/eigen3, version: 3.4.0)
[5.314s] -- Checking for module 'flann'
[5.329s] --   Found flann, version 1.9.1
[5.372s] -- Found FLANN: /usr/lib/x86_64-linux-gnu/libflann_cpp.so  
[6.407s] -- Checking for module 'libusb-1.0'
[6.423s] --   Found libusb-1.0, version 1.0.25
[6.466s] -- Found libusb: /usr/lib/x86_64-linux-gnu/libusb-1.0.so  
[6.467s] -- OpenNI found (version: 1.5.4.0, include: /usr/include/ni, lib: /usr/lib/libOpenNI.so;libusb::libusb)
[6.565s] -- OpenNI2 found (version: 2.2.0.33, include: /usr/include/openni2, lib: /usr/lib/x86_64-linux-gnu/libOpenNI2.so;libusb::libusb)
[6.724s] -- Eigen found (include: /usr/include/eigen3, version: 3.4.0)
[6.731s] -- OpenNI found (version: 1.5.4.0, include: /usr/include/ni, lib: /usr/lib/libOpenNI.so;libusb::libusb)
[6.738s] -- OpenNI2 found (version: 2.2.0.33, include: /usr/include/openni2, lib: /usr/lib/x86_64-linux-gnu/libOpenNI2.so;libusb::libusb)
[6.884s] -- Found Qhull version 8.0.2
[7.029s] -- OpenNI found (version: 1.5.4.0, include: /usr/include/ni, lib: /usr/lib/libOpenNI.so;libusb::libusb)
[7.171s] -- Found PCL_COMMON: /usr/lib/x86_64-linux-gnu/libpcl_common.so  
[7.172s] -- Found PCL_KDTREE: /usr/lib/x86_64-linux-gnu/libpcl_kdtree.so  
[7.173s] -- Found PCL_OCTREE: /usr/lib/x86_64-linux-gnu/libpcl_octree.so  
[7.174s] -- Found PCL_SEARCH: /usr/lib/x86_64-linux-gnu/libpcl_search.so  
[7.175s] -- Found PCL_SAMPLE_CONSENSUS: /usr/lib/x86_64-linux-gnu/libpcl_sample_consensus.so  
[7.175s] -- Found PCL_FILTERS: /usr/lib/x86_64-linux-gnu/libpcl_filters.so  
[7.176s] -- Found PCL_2D: /usr/include/pcl-1.12  
[7.176s] -- Found PCL_GEOMETRY: /usr/include/pcl-1.12  
[7.177s] -- Found PCL_IO: /usr/lib/x86_64-linux-gnu/libpcl_io.so  
[7.178s] -- Found PCL_FEATURES: /usr/lib/x86_64-linux-gnu/libpcl_features.so  
[7.179s] -- Found PCL_ML: /usr/lib/x86_64-linux-gnu/libpcl_ml.so  
[7.180s] -- Found PCL_SEGMENTATION: /usr/lib/x86_64-linux-gnu/libpcl_segmentation.so  
[7.180s] -- Found PCL_VISUALIZATION: /usr/lib/x86_64-linux-gnu/libpcl_visualization.so  
[7.181s] -- Found PCL_SURFACE: /usr/lib/x86_64-linux-gnu/libpcl_surface.so  
[7.182s] -- Found PCL_REGISTRATION: /usr/lib/x86_64-linux-gnu/libpcl_registration.so  
[7.183s] -- Found PCL_KEYPOINTS: /usr/lib/x86_64-linux-gnu/libpcl_keypoints.so  
[7.184s] -- Found PCL_TRACKING: /usr/lib/x86_64-linux-gnu/libpcl_tracking.so  
[7.185s] -- Found PCL_RECOGNITION: /usr/lib/x86_64-linux-gnu/libpcl_recognition.so  
[7.186s] -- Found PCL_STEREO: /usr/lib/x86_64-linux-gnu/libpcl_stereo.so  
[7.187s] -- Found PCL_APPS: /usr/lib/x86_64-linux-gnu/libpcl_apps.so  
[7.187s] -- Found PCL_IN_HAND_SCANNER: /usr/include/pcl-1.12  
[7.188s] -- Found PCL_MODELER: /usr/include/pcl-1.12  
[7.188s] -- Found PCL_POINT_CLOUD_EDITOR: /usr/include/pcl-1.12  
[7.189s] -- Found PCL_OUTOFCORE: /usr/lib/x86_64-linux-gnu/libpcl_outofcore.so  
[7.190s] -- Found PCL_PEOPLE: /usr/lib/x86_64-linux-gnu/libpcl_people.so  
[11.902s] -- Found ament_lint_auto: 0.12.10 (/opt/ros/humble/share/ament_lint_auto/cmake)
[11.935s] -- Found OpenCV: /usr (found version "4.5.4") 
[59.303s] -- Found ament_cmake_gtest: 1.3.8 (/opt/ros/humble/share/ament_cmake_gtest/cmake)
[59.307s] -- Found gtest sources under '/opt/ros/humble/src/gtest_vendor': C++ tests using 'Google Test' will be built
[106.770s] -- Configuring done
[107.015s] -- Generating done
[107.018s] -- Build files have been written to: /home/zyme/ros_ws/Autoware_sim_test/build/ar_tag_based_localizer
[107.038s] Invoked command in '/home/zyme/ros_ws/Autoware_sim_test/build/ar_tag_based_localizer' returned '0': AMENT_PREFIX_PATH=/home/zyme/ros_ws/Autoware_sim_test/install/landmark_manager:/home/zyme/ros_ws/Autoware_sim_test/install/localization_util:/home/zyme/ros_ws/Autoware_sim_test/install/tier4_autoware_utils:/home/zyme/ros_ws/Autoware_sim_test/install/lanelet2_extension:/home/zyme/ros_ws/Autoware_sim_test/install/autoware_utils:/home/zyme/ros_ws/Autoware_sim_test/install/autoware_auto_vehicle_msgs:/home/zyme/ros_ws/Autoware_sim_test/install/autoware_cmake:/home/zyme/ros_ws/Autoware_sim_test/install/autoware_auto_planning_msgs:/home/zyme/ros_ws/Autoware_sim_test/install/autoware_auto_perception_msgs:/home/zyme/ros_ws/Autoware_sim_test/install/tier4_localization_msgs:/home/zyme/ros_ws/Autoware_sim_test/install/tier4_debug_msgs:/home/zyme/ros_ws/Autoware_sim_test/install/autoware_planning_msgs:/home/zyme/ros_ws/Autoware_sim_test/install/autoware_auto_mapping_msgs:/home/zyme/ros_ws/Autoware_sim_test/install/autoware_auto_geometry_msgs:${AMENT_PREFIX_PATH} CMAKE_PREFIX_PATH=/home/zyme/ros_ws/Autoware_sim_test/install/landmark_manager:/home/zyme/ros_ws/Autoware_sim_test/install/localization_util:/home/zyme/ros_ws/Autoware_sim_test/install/tier4_autoware_utils:/home/zyme/ros_ws/Autoware_sim_test/install/lanelet2_extension:/home/zyme/ros_ws/Autoware_sim_test/install/autoware_utils:/home/zyme/ros_ws/Autoware_sim_test/install/autoware_auto_vehicle_msgs:/home/zyme/ros_ws/Autoware_sim_test/install/autoware_cmake:/home/zyme/ros_ws/Autoware_sim_test/install/autoware_auto_planning_msgs:/home/zyme/ros_ws/Autoware_sim_test/install/autoware_auto_perception_msgs:/home/zyme/ros_ws/Autoware_sim_test/install/tier4_localization_msgs:/home/zyme/ros_ws/Autoware_sim_test/install/tier4_debug_msgs:/home/zyme/ros_ws/Autoware_sim_test/install/autoware_planning_msgs:/home/zyme/ros_ws/Autoware_sim_test/install/autoware_auto_mapping_msgs:/home/zyme/ros_ws/Autoware_sim_test/install/autoware_auto_geometry_msgs:/opt/ros/humble LD_LIBRARY_PATH=/home/zyme/ros_ws/Autoware_sim_test/install/landmark_manager/lib:/home/zyme/ros_ws/Autoware_sim_test/install/localization_util/lib:/home/zyme/ros_ws/Autoware_sim_test/install/tier4_autoware_utils/lib:/home/zyme/ros_ws/Autoware_sim_test/install/lanelet2_extension/lib:/home/zyme/ros_ws/Autoware_sim_test/install/autoware_utils/lib:/home/zyme/ros_ws/Autoware_sim_test/install/autoware_auto_vehicle_msgs/lib:/home/zyme/ros_ws/Autoware_sim_test/install/autoware_auto_planning_msgs/lib:/home/zyme/ros_ws/Autoware_sim_test/install/autoware_auto_perception_msgs/lib:/home/zyme/ros_ws/Autoware_sim_test/install/tier4_localization_msgs/lib:/home/zyme/ros_ws/Autoware_sim_test/install/tier4_debug_msgs/lib:/home/zyme/ros_ws/Autoware_sim_test/install/autoware_planning_msgs/lib:/home/zyme/ros_ws/Autoware_sim_test/install/autoware_auto_mapping_msgs/lib:/home/zyme/ros_ws/Autoware_sim_test/install/autoware_auto_geometry_msgs/lib:${LD_LIBRARY_PATH} PYTHONPATH=/home/zyme/ros_ws/Autoware_sim_test/install/autoware_auto_vehicle_msgs/local/lib/python3.10/dist-packages:/home/zyme/ros_ws/Autoware_sim_test/install/autoware_auto_planning_msgs/local/lib/python3.10/dist-packages:/home/zyme/ros_ws/Autoware_sim_test/install/autoware_auto_perception_msgs/local/lib/python3.10/dist-packages:/home/zyme/ros_ws/Autoware_sim_test/install/tier4_localization_msgs/local/lib/python3.10/dist-packages:/home/zyme/ros_ws/Autoware_sim_test/install/tier4_debug_msgs/local/lib/python3.10/dist-packages:/home/zyme/ros_ws/Autoware_sim_test/install/autoware_planning_msgs/local/lib/python3.10/dist-packages:/home/zyme/ros_ws/Autoware_sim_test/install/autoware_auto_mapping_msgs/local/lib/python3.10/dist-packages:/home/zyme/ros_ws/Autoware_sim_test/install/autoware_auto_geometry_msgs/local/lib/python3.10/dist-packages:${PYTHONPATH} /usr/bin/cmake /home/zyme/ros_ws/Autoware_sim_test/src/autoware/src/universe/autoware.universe/localization/landmark_based_localizer/ar_tag_based_localizer -DCMAKE_BUILD_TYPE=Release -DCMAKE_CXX_FLAGS=-w -DAMENT_CMAKE_SYMLINK_INSTALL=1 -DCMAKE_INSTALL_PREFIX=/home/zyme/ros_ws/Autoware_sim_test/install/ar_tag_based_localizer
[107.040s] Invoking command in '/home/zyme/ros_ws/Autoware_sim_test/build/ar_tag_based_localizer': AMENT_PREFIX_PATH=/home/zyme/ros_ws/Autoware_sim_test/install/landmark_manager:/home/zyme/ros_ws/Autoware_sim_test/install/localization_util:/home/zyme/ros_ws/Autoware_sim_test/install/tier4_autoware_utils:/home/zyme/ros_ws/Autoware_sim_test/install/lanelet2_extension:/home/zyme/ros_ws/Autoware_sim_test/install/autoware_utils:/home/zyme/ros_ws/Autoware_sim_test/install/autoware_auto_vehicle_msgs:/home/zyme/ros_ws/Autoware_sim_test/install/autoware_cmake:/home/zyme/ros_ws/Autoware_sim_test/install/autoware_auto_planning_msgs:/home/zyme/ros_ws/Autoware_sim_test/install/autoware_auto_perception_msgs:/home/zyme/ros_ws/Autoware_sim_test/install/tier4_localization_msgs:/home/zyme/ros_ws/Autoware_sim_test/install/tier4_debug_msgs:/home/zyme/ros_ws/Autoware_sim_test/install/autoware_planning_msgs:/home/zyme/ros_ws/Autoware_sim_test/install/autoware_auto_mapping_msgs:/home/zyme/ros_ws/Autoware_sim_test/install/autoware_auto_geometry_msgs:${AMENT_PREFIX_PATH} CMAKE_PREFIX_PATH=/home/zyme/ros_ws/Autoware_sim_test/install/landmark_manager:/home/zyme/ros_ws/Autoware_sim_test/install/localization_util:/home/zyme/ros_ws/Autoware_sim_test/install/tier4_autoware_utils:/home/zyme/ros_ws/Autoware_sim_test/install/lanelet2_extension:/home/zyme/ros_ws/Autoware_sim_test/install/autoware_utils:/home/zyme/ros_ws/Autoware_sim_test/install/autoware_auto_vehicle_msgs:/home/zyme/ros_ws/Autoware_sim_test/install/autoware_cmake:/home/zyme/ros_ws/Autoware_sim_test/install/autoware_auto_planning_msgs:/home/zyme/ros_ws/Autoware_sim_test/install/autoware_auto_perception_msgs:/home/zyme/ros_ws/Autoware_sim_test/install/tier4_localization_msgs:/home/zyme/ros_ws/Autoware_sim_test/install/tier4_debug_msgs:/home/zyme/ros_ws/Autoware_sim_test/install/autoware_planning_msgs:/home/zyme/ros_ws/Autoware_sim_test/install/autoware_auto_mapping_msgs:/home/zyme/ros_ws/Autoware_sim_test/install/autoware_auto_geometry_msgs:/opt/ros/humble LD_LIBRARY_PATH=/home/zyme/ros_ws/Autoware_sim_test/install/landmark_manager/lib:/home/zyme/ros_ws/Autoware_sim_test/install/localization_util/lib:/home/zyme/ros_ws/Autoware_sim_test/install/tier4_autoware_utils/lib:/home/zyme/ros_ws/Autoware_sim_test/install/lanelet2_extension/lib:/home/zyme/ros_ws/Autoware_sim_test/install/autoware_utils/lib:/home/zyme/ros_ws/Autoware_sim_test/install/autoware_auto_vehicle_msgs/lib:/home/zyme/ros_ws/Autoware_sim_test/install/autoware_auto_planning_msgs/lib:/home/zyme/ros_ws/Autoware_sim_test/install/autoware_auto_perception_msgs/lib:/home/zyme/ros_ws/Autoware_sim_test/install/tier4_localization_msgs/lib:/home/zyme/ros_ws/Autoware_sim_test/install/tier4_debug_msgs/lib:/home/zyme/ros_ws/Autoware_sim_test/install/autoware_planning_msgs/lib:/home/zyme/ros_ws/Autoware_sim_test/install/autoware_auto_mapping_msgs/lib:/home/zyme/ros_ws/Autoware_sim_test/install/autoware_auto_geometry_msgs/lib:${LD_LIBRARY_PATH} PYTHONPATH=/home/zyme/ros_ws/Autoware_sim_test/install/autoware_auto_vehicle_msgs/local/lib/python3.10/dist-packages:/home/zyme/ros_ws/Autoware_sim_test/install/autoware_auto_planning_msgs/local/lib/python3.10/dist-packages:/home/zyme/ros_ws/Autoware_sim_test/install/autoware_auto_perception_msgs/local/lib/python3.10/dist-packages:/home/zyme/ros_ws/Autoware_sim_test/install/tier4_localization_msgs/local/lib/python3.10/dist-packages:/home/zyme/ros_ws/Autoware_sim_test/install/tier4_debug_msgs/local/lib/python3.10/dist-packages:/home/zyme/ros_ws/Autoware_sim_test/install/autoware_planning_msgs/local/lib/python3.10/dist-packages:/home/zyme/ros_ws/Autoware_sim_test/install/autoware_auto_mapping_msgs/local/lib/python3.10/dist-packages:/home/zyme/ros_ws/Autoware_sim_test/install/autoware_auto_geometry_msgs/local/lib/python3.10/dist-packages:${PYTHONPATH} /usr/bin/cmake --build /home/zyme/ros_ws/Autoware_sim_test/build/ar_tag_based_localizer -- -j12 -l12
[107.102s] [ 20%] [32mBuilding CXX object gtest/CMakeFiles/gtest.dir/src/gtest-all.cc.o[0m
[107.102s] [ 20%] [32mBuilding CXX object gtest/CMakeFiles/gtest_main.dir/src/gtest_main.cc.o[0m
[107.102s] [ 30%] [32mBuilding CXX object CMakeFiles/ar_tag_based_localizer.dir/src/main.cpp.o[0m
[107.103s] [ 40%] [32mBuilding CXX object CMakeFiles/ar_tag_based_localizer.dir/src/ar_tag_based_localizer.cpp.o[0m
[107.642s] In file included from [01m[K/home/zyme/ros_ws/Autoware_sim_test/src/autoware/src/universe/autoware.universe/localization/landmark_based_localizer/ar_tag_based_localizer/src/ar_tag_based_localizer.cpp:45[m[K:
[107.642s] [01m[K/home/zyme/ros_ws/Autoware_sim_test/src/autoware/src/universe/autoware.universe/localization/landmark_based_localizer/ar_tag_based_localizer/src/ar_tag_based_localizer.hpp:60:10:[m[K [01;31m[Kfatal error: [m[Karuco/aruco.h: No such file or directory
[107.642s]    60 | #include [01;31m[K<aruco/aruco.h>[m[K
[107.642s]       |          [01;31m[K^~~~~~~~~~~~~~~[m[K
[107.642s] In file included from [01m[K/home/zyme/ros_ws/Autoware_sim_test/src/autoware/src/universe/autoware.universe/localization/landmark_based_localizer/ar_tag_based_localizer/src/main.cpp:45[m[K:
[107.642s] [01m[K/home/zyme/ros_ws/Autoware_sim_test/src/autoware/src/universe/autoware.universe/localization/landmark_based_localizer/ar_tag_based_localizer/src/ar_tag_based_localizer.hpp:60:10:[m[K [01;31m[Kfatal error: [m[Karuco/aruco.h: No such file or directory
[107.643s]    60 | #include [01;31m[K<aruco/aruco.h>[m[K
[107.643s]       |          [01;31m[K^~~~~~~~~~~~~~~[m[K
[107.643s] compilation terminated.
[107.643s] compilation terminated.
[107.648s] gmake[2]: *** [CMakeFiles/ar_tag_based_localizer.dir/build.make:90: CMakeFiles/ar_tag_based_localizer.dir/src/ar_tag_based_localizer.cpp.o] Error 1
[107.648s] gmake[2]: *** Waiting for unfinished jobs....
[107.648s] gmake[2]: *** [CMakeFiles/ar_tag_based_localizer.dir/build.make:76: CMakeFiles/ar_tag_based_localizer.dir/src/main.cpp.o] Error 1
[107.648s] gmake[1]: *** [CMakeFiles/Makefile2:157: CMakeFiles/ar_tag_based_localizer.dir/all] Error 2
[107.649s] gmake[1]: *** Waiting for unfinished jobs....
[108.012s] [ 50%] [32m[1mLinking CXX static library libgtest_main.a[0m
[108.050s] [ 50%] Built target gtest_main
[113.688s] [ 60%] [32m[1mLinking CXX static library libgtest.a[0m
[113.729s] [ 60%] Built target gtest
[113.730s] gmake: *** [Makefile:146: all] Error 2
[113.732s] Invoked command in '/home/zyme/ros_ws/Autoware_sim_test/build/ar_tag_based_localizer' returned '2': AMENT_PREFIX_PATH=/home/zyme/ros_ws/Autoware_sim_test/install/landmark_manager:/home/zyme/ros_ws/Autoware_sim_test/install/localization_util:/home/zyme/ros_ws/Autoware_sim_test/install/tier4_autoware_utils:/home/zyme/ros_ws/Autoware_sim_test/install/lanelet2_extension:/home/zyme/ros_ws/Autoware_sim_test/install/autoware_utils:/home/zyme/ros_ws/Autoware_sim_test/install/autoware_auto_vehicle_msgs:/home/zyme/ros_ws/Autoware_sim_test/install/autoware_cmake:/home/zyme/ros_ws/Autoware_sim_test/install/autoware_auto_planning_msgs:/home/zyme/ros_ws/Autoware_sim_test/install/autoware_auto_perception_msgs:/home/zyme/ros_ws/Autoware_sim_test/install/tier4_localization_msgs:/home/zyme/ros_ws/Autoware_sim_test/install/tier4_debug_msgs:/home/zyme/ros_ws/Autoware_sim_test/install/autoware_planning_msgs:/home/zyme/ros_ws/Autoware_sim_test/install/autoware_auto_mapping_msgs:/home/zyme/ros_ws/Autoware_sim_test/install/autoware_auto_geometry_msgs:${AMENT_PREFIX_PATH} CMAKE_PREFIX_PATH=/home/zyme/ros_ws/Autoware_sim_test/install/landmark_manager:/home/zyme/ros_ws/Autoware_sim_test/install/localization_util:/home/zyme/ros_ws/Autoware_sim_test/install/tier4_autoware_utils:/home/zyme/ros_ws/Autoware_sim_test/install/lanelet2_extension:/home/zyme/ros_ws/Autoware_sim_test/install/autoware_utils:/home/zyme/ros_ws/Autoware_sim_test/install/autoware_auto_vehicle_msgs:/home/zyme/ros_ws/Autoware_sim_test/install/autoware_cmake:/home/zyme/ros_ws/Autoware_sim_test/install/autoware_auto_planning_msgs:/home/zyme/ros_ws/Autoware_sim_test/install/autoware_auto_perception_msgs:/home/zyme/ros_ws/Autoware_sim_test/install/tier4_localization_msgs:/home/zyme/ros_ws/Autoware_sim_test/install/tier4_debug_msgs:/home/zyme/ros_ws/Autoware_sim_test/install/autoware_planning_msgs:/home/zyme/ros_ws/Autoware_sim_test/install/autoware_auto_mapping_msgs:/home/zyme/ros_ws/Autoware_sim_test/install/autoware_auto_geometry_msgs:/opt/ros/humble LD_LIBRARY_PATH=/home/zyme/ros_ws/Autoware_sim_test/install/landmark_manager/lib:/home/zyme/ros_ws/Autoware_sim_test/install/localization_util/lib:/home/zyme/ros_ws/Autoware_sim_test/install/tier4_autoware_utils/lib:/home/zyme/ros_ws/Autoware_sim_test/install/lanelet2_extension/lib:/home/zyme/ros_ws/Autoware_sim_test/install/autoware_utils/lib:/home/zyme/ros_ws/Autoware_sim_test/install/autoware_auto_vehicle_msgs/lib:/home/zyme/ros_ws/Autoware_sim_test/install/autoware_auto_planning_msgs/lib:/home/zyme/ros_ws/Autoware_sim_test/install/autoware_auto_perception_msgs/lib:/home/zyme/ros_ws/Autoware_sim_test/install/tier4_localization_msgs/lib:/home/zyme/ros_ws/Autoware_sim_test/install/tier4_debug_msgs/lib:/home/zyme/ros_ws/Autoware_sim_test/install/autoware_planning_msgs/lib:/home/zyme/ros_ws/Autoware_sim_test/install/autoware_auto_mapping_msgs/lib:/home/zyme/ros_ws/Autoware_sim_test/install/autoware_auto_geometry_msgs/lib:${LD_LIBRARY_PATH} PYTHONPATH=/home/zyme/ros_ws/Autoware_sim_test/install/autoware_auto_vehicle_msgs/local/lib/python3.10/dist-packages:/home/zyme/ros_ws/Autoware_sim_test/install/autoware_auto_planning_msgs/local/lib/python3.10/dist-packages:/home/zyme/ros_ws/Autoware_sim_test/install/autoware_auto_perception_msgs/local/lib/python3.10/dist-packages:/home/zyme/ros_ws/Autoware_sim_test/install/tier4_localization_msgs/local/lib/python3.10/dist-packages:/home/zyme/ros_ws/Autoware_sim_test/install/tier4_debug_msgs/local/lib/python3.10/dist-packages:/home/zyme/ros_ws/Autoware_sim_test/install/autoware_planning_msgs/local/lib/python3.10/dist-packages:/home/zyme/ros_ws/Autoware_sim_test/install/autoware_auto_mapping_msgs/local/lib/python3.10/dist-packages:/home/zyme/ros_ws/Autoware_sim_test/install/autoware_auto_geometry_msgs/local/lib/python3.10/dist-packages:${PYTHONPATH} /usr/bin/cmake --build /home/zyme/ros_ws/Autoware_sim_test/build/ar_tag_based_localizer -- -j12 -l12
