[0.087s] Invoking command in '/home/zyme/ros_ws/Autoware_sim_test/build/ar_tag_based_localizer': AMENT_PREFIX_PATH=/home/zyme/ros_ws/Autoware_sim_test/install/landmark_manager:/home/zyme/ros_ws/Autoware_sim_test/install/localization_util:/home/zyme/ros_ws/Autoware_sim_test/install/tier4_autoware_utils:/home/zyme/ros_ws/Autoware_sim_test/install/lanelet2_extension:/home/zyme/ros_ws/Autoware_sim_test/install/autoware_utils:/home/zyme/ros_ws/Autoware_sim_test/install/autoware_auto_vehicle_msgs:/home/zyme/ros_ws/Autoware_sim_test/install/autoware_cmake:/home/zyme/ros_ws/Autoware_sim_test/install/autoware_auto_planning_msgs:/home/zyme/ros_ws/Autoware_sim_test/install/autoware_auto_perception_msgs:/home/zyme/ros_ws/Autoware_sim_test/install/tier4_localization_msgs:/home/zyme/ros_ws/Autoware_sim_test/install/tier4_debug_msgs:/home/zyme/ros_ws/Autoware_sim_test/install/autoware_planning_msgs:/home/zyme/ros_ws/Autoware_sim_test/install/autoware_auto_mapping_msgs:/home/zyme/ros_ws/Autoware_sim_test/install/autoware_auto_geometry_msgs:${AMENT_PREFIX_PATH} CMAKE_PREFIX_PATH=/home/zyme/ros_ws/Autoware_sim_test/install/landmark_manager:/home/zyme/ros_ws/Autoware_sim_test/install/localization_util:/home/zyme/ros_ws/Autoware_sim_test/install/tier4_autoware_utils:/home/zyme/ros_ws/Autoware_sim_test/install/lanelet2_extension:/home/zyme/ros_ws/Autoware_sim_test/install/autoware_utils:/home/zyme/ros_ws/Autoware_sim_test/install/autoware_auto_vehicle_msgs:/home/zyme/ros_ws/Autoware_sim_test/install/autoware_cmake:/home/zyme/ros_ws/Autoware_sim_test/install/autoware_auto_planning_msgs:/home/zyme/ros_ws/Autoware_sim_test/install/autoware_auto_perception_msgs:/home/zyme/ros_ws/Autoware_sim_test/install/tier4_localization_msgs:/home/zyme/ros_ws/Autoware_sim_test/install/tier4_debug_msgs:/home/zyme/ros_ws/Autoware_sim_test/install/autoware_planning_msgs:/home/zyme/ros_ws/Autoware_sim_test/install/autoware_auto_mapping_msgs:/home/zyme/ros_ws/Autoware_sim_test/install/autoware_auto_geometry_msgs:/opt/ros/humble LD_LIBRARY_PATH=/home/zyme/ros_ws/Autoware_sim_test/install/landmark_manager/lib:/home/zyme/ros_ws/Autoware_sim_test/install/localization_util/lib:/home/zyme/ros_ws/Autoware_sim_test/install/tier4_autoware_utils/lib:/home/zyme/ros_ws/Autoware_sim_test/install/lanelet2_extension/lib:/home/zyme/ros_ws/Autoware_sim_test/install/autoware_utils/lib:/home/zyme/ros_ws/Autoware_sim_test/install/autoware_auto_vehicle_msgs/lib:/home/zyme/ros_ws/Autoware_sim_test/install/autoware_auto_planning_msgs/lib:/home/zyme/ros_ws/Autoware_sim_test/install/autoware_auto_perception_msgs/lib:/home/zyme/ros_ws/Autoware_sim_test/install/tier4_localization_msgs/lib:/home/zyme/ros_ws/Autoware_sim_test/install/tier4_debug_msgs/lib:/home/zyme/ros_ws/Autoware_sim_test/install/autoware_planning_msgs/lib:/home/zyme/ros_ws/Autoware_sim_test/install/autoware_auto_mapping_msgs/lib:/home/zyme/ros_ws/Autoware_sim_test/install/autoware_auto_geometry_msgs/lib:${LD_LIBRARY_PATH} PYTHONPATH=/home/zyme/ros_ws/Autoware_sim_test/install/autoware_auto_vehicle_msgs/local/lib/python3.10/dist-packages:/home/zyme/ros_ws/Autoware_sim_test/install/autoware_auto_planning_msgs/local/lib/python3.10/dist-packages:/home/zyme/ros_ws/Autoware_sim_test/install/autoware_auto_perception_msgs/local/lib/python3.10/dist-packages:/home/zyme/ros_ws/Autoware_sim_test/install/tier4_localization_msgs/local/lib/python3.10/dist-packages:/home/zyme/ros_ws/Autoware_sim_test/install/tier4_debug_msgs/local/lib/python3.10/dist-packages:/home/zyme/ros_ws/Autoware_sim_test/install/autoware_planning_msgs/local/lib/python3.10/dist-packages:/home/zyme/ros_ws/Autoware_sim_test/install/autoware_auto_mapping_msgs/local/lib/python3.10/dist-packages:/home/zyme/ros_ws/Autoware_sim_test/install/autoware_auto_geometry_msgs/local/lib/python3.10/dist-packages:${PYTHONPATH} /usr/bin/cmake --build /home/zyme/ros_ws/Autoware_sim_test/build/ar_tag_based_localizer -- -j12 -l12
[0.146s] [35m[1mConsolidate compiler generated dependencies of target ar_tag_based_localizer[0m
[0.157s] [ 40%] Built target gtest_main
[0.157s] [ 40%] Built target gtest
[0.174s] [35m[1mConsolidate compiler generated dependencies of target test_ar_tag_based_localizer[0m
[0.179s] [ 50%] [32m[1mLinking CXX executable ar_tag_based_localizer[0m
[0.207s] [ 60%] [32m[1mLinking CXX executable test_ar_tag_based_localizer[0m
[1.448s] /usr/bin/ld: CMakeFiles/ar_tag_based_localizer.dir/src/ar_tag_based_localizer.cpp.o: in function `ArTagBasedLocalizer::cam_info_callback(std::shared_ptr<sensor_msgs::msg::CameraInfo_<std::allocator<void> > const> const&)':
[1.448s] ar_tag_based_localizer.cpp:(.text+0xc19): undefined reference to `aruco::CameraParameters::CameraParameters(cv::Mat, cv::Mat, cv::Size_<int>)'
[1.448s] /usr/bin/ld: ar_tag_based_localizer.cpp:(.text+0xc29): undefined reference to `aruco::CameraParameters::operator=(aruco::CameraParameters const&)'
[1.448s] /usr/bin/ld: CMakeFiles/ar_tag_based_localizer.dir/src/ar_tag_based_localizer.cpp.o: in function `ArTagBasedLocalizer::ArTagBasedLocalizer(rclcpp::NodeOptions const&)':
[1.449s] ar_tag_based_localizer.cpp:(.text+0x631d): undefined reference to `aruco::MarkerDetector::MarkerDetector()'
[1.449s] /usr/bin/ld: ar_tag_based_localizer.cpp:(.text+0x6333): undefined reference to `aruco::CameraParameters::CameraParameters()'
[1.449s] /usr/bin/ld: ar_tag_based_localizer.cpp:(.text+0x6874): undefined reference to `aruco::MarkerDetector::setDetectionMode(aruco::DetectionMode, float)'
[1.449s] /usr/bin/ld: ar_tag_based_localizer.cpp:(.text+0x6c8e): undefined reference to `aruco::MarkerDetector::getParameters()'
[1.449s] /usr/bin/ld: ar_tag_based_localizer.cpp:(.text+0x819c): undefined reference to `aruco::MarkerDetector::setDetectionMode(aruco::DetectionMode, float)'
[1.449s] /usr/bin/ld: ar_tag_based_localizer.cpp:(.text+0x840b): undefined reference to `aruco::MarkerDetector::setDetectionMode(aruco::DetectionMode, float)'
[1.449s] /usr/bin/ld: CMakeFiles/ar_tag_based_localizer.dir/src/ar_tag_based_localizer.cpp.o: in function `ArTagBasedLocalizer::detect_landmarks(std::shared_ptr<sensor_msgs::msg::Image_<std::allocator<void> > const> const&)':
[1.449s] ar_tag_based_localizer.cpp:(.text+0x8f71): undefined reference to `aruco::CameraParameters::CameraParameters(aruco::CameraParameters const&)'
[1.449s] /usr/bin/ld: ar_tag_based_localizer.cpp:(.text+0x8f9c): undefined reference to `aruco::MarkerDetector::detect(cv::Mat const&, std::vector<aruco::Marker, std::allocator<aruco::Marker> >&, aruco::CameraParameters, float, bool, bool)'
[1.449s] /usr/bin/ld: ar_tag_based_localizer.cpp:(.text+0x909d): undefined reference to `aruco::Marker::draw(cv::Mat&, cv::Scalar_<double>, int, bool, bool) const'
[1.449s] /usr/bin/ld: ar_tag_based_localizer.cpp:(.text+0x90b2): undefined reference to `aruco::CvDrawingUtils::draw3dAxis(cv::Mat&, aruco::Marker&, aruco::CameraParameters const&, int)'
[1.453s] /usr/bin/ld: CMakeFiles/ar_tag_based_localizer.dir/src/ar_tag_based_localizer.cpp.o: in function `ArTagBasedLocalizer::ArTagBasedLocalizer(rclcpp::NodeOptions const&) [clone .cold]':
[1.453s] ar_tag_based_localizer.cpp:(.text.unlikely+0x1346): undefined reference to `aruco::MarkerDetector::~MarkerDetector()'
[1.456s] /usr/bin/ld: CMakeFiles/ar_tag_based_localizer.dir/src/ar_tag_based_localizer.cpp.o: in function `ArTagBasedLocalizer::~ArTagBasedLocalizer()':
[1.456s] ar_tag_based_localizer.cpp:(.text._ZN19ArTagBasedLocalizerD2Ev[_ZN19ArTagBasedLocalizerD5Ev]+0x29a): undefined reference to `aruco::MarkerDetector::~MarkerDetector()'
[1.463s] /usr/bin/ld: CMakeFiles/test_ar_tag_based_localizer.dir/src/ar_tag_based_localizer.cpp.o: in function `ArTagBasedLocalizer::cam_info_callback(std::shared_ptr<sensor_msgs::msg::CameraInfo_<std::allocator<void> > const> const&)':
[1.463s] ar_tag_based_localizer.cpp:(.text+0xc19): undefined reference to `aruco::CameraParameters::CameraParameters(cv::Mat, cv::Mat, cv::Size_<int>)'
[1.463s] /usr/bin/ld: ar_tag_based_localizer.cpp:(.text+0xc29): undefined reference to `aruco::CameraParameters::operator=(aruco::CameraParameters const&)'
[1.464s] /usr/bin/ld: CMakeFiles/test_ar_tag_based_localizer.dir/src/ar_tag_based_localizer.cpp.o: in function `ArTagBasedLocalizer::ArTagBasedLocalizer(rclcpp::NodeOptions const&)':
[1.464s] ar_tag_based_localizer.cpp:(.text+0x631d): undefined reference to `aruco::MarkerDetector::MarkerDetector()'
[1.464s] /usr/bin/ld: ar_tag_based_localizer.cpp:(.text+0x6333): undefined reference to `aruco::CameraParameters::CameraParameters()'
[1.464s] /usr/bin/ld: ar_tag_based_localizer.cpp:(.text+0x6874): undefined reference to `aruco::MarkerDetector::setDetectionMode(aruco::DetectionMode, float)'
[1.464s] /usr/bin/ld: ar_tag_based_localizer.cpp:(.text+0x6c8e): undefined reference to `aruco::MarkerDetector::getParameters()'
[1.464s] /usr/bin/ld: ar_tag_based_localizer.cpp:(.text+0x819c): undefined reference to `aruco::MarkerDetector::setDetectionMode(aruco::DetectionMode, float)'
[1.464s] /usr/bin/ld: ar_tag_based_localizer.cpp:(.text+0x840b): undefined reference to `aruco::MarkerDetector::setDetectionMode(aruco::DetectionMode, float)'
[1.464s] /usr/bin/ld: CMakeFiles/test_ar_tag_based_localizer.dir/src/ar_tag_based_localizer.cpp.o: in function `ArTagBasedLocalizer::detect_landmarks(std::shared_ptr<sensor_msgs::msg::Image_<std::allocator<void> > const> const&)':
[1.464s] ar_tag_based_localizer.cpp:(.text+0x8f71): undefined reference to `aruco::CameraParameters::CameraParameters(aruco::CameraParameters const&)'
[1.464s] /usr/bin/ld: ar_tag_based_localizer.cpp:(.text+0x8f9c): undefined reference to `aruco::MarkerDetector::detect(cv::Mat const&, std::vector<aruco::Marker, std::allocator<aruco::Marker> >&, aruco::CameraParameters, float, bool, bool)'
[1.464s] /usr/bin/ld: ar_tag_based_localizer.cpp:(.text+0x909d): undefined reference to `aruco::Marker::draw(cv::Mat&, cv::Scalar_<double>, int, bool, bool) const'
[1.464s] /usr/bin/ld: ar_tag_based_localizer.cpp:(.text+0x90b2): undefined reference to `aruco::CvDrawingUtils::draw3dAxis(cv::Mat&, aruco::Marker&, aruco::CameraParameters const&, int)'
[1.468s] /usr/bin/ld: CMakeFiles/test_ar_tag_based_localizer.dir/src/ar_tag_based_localizer.cpp.o: in function `ArTagBasedLocalizer::ArTagBasedLocalizer(rclcpp::NodeOptions const&) [clone .cold]':
[1.468s] ar_tag_based_localizer.cpp:(.text.unlikely+0x1346): undefined reference to `aruco::MarkerDetector::~MarkerDetector()'
[1.471s] /usr/bin/ld: CMakeFiles/test_ar_tag_based_localizer.dir/src/ar_tag_based_localizer.cpp.o: in function `ArTagBasedLocalizer::~ArTagBasedLocalizer()':
[1.471s] ar_tag_based_localizer.cpp:(.text._ZN19ArTagBasedLocalizerD2Ev[_ZN19ArTagBasedLocalizerD5Ev]+0x29a): undefined reference to `aruco::MarkerDetector::~MarkerDetector()'
[1.503s] collect2: error: ld returned 1 exit status
[1.505s] gmake[2]: *** [CMakeFiles/ar_tag_based_localizer.dir/build.make:657: ar_tag_based_localizer] Error 1
[1.505s] gmake[1]: *** [CMakeFiles/Makefile2:157: CMakeFiles/ar_tag_based_localizer.dir/all] Error 2
[1.505s] gmake[1]: *** Waiting for unfinished jobs....
[1.524s] collect2: error: ld returned 1 exit status
[1.525s] gmake[2]: *** [CMakeFiles/test_ar_tag_based_localizer.dir/build.make:659: test_ar_tag_based_localizer] Error 1
[1.526s] gmake[1]: *** [CMakeFiles/Makefile2:184: CMakeFiles/test_ar_tag_based_localizer.dir/all] Error 2
[1.526s] gmake: *** [Makefile:146: all] Error 2
[1.528s] Invoked command in '/home/zyme/ros_ws/Autoware_sim_test/build/ar_tag_based_localizer' returned '2': AMENT_PREFIX_PATH=/home/zyme/ros_ws/Autoware_sim_test/install/landmark_manager:/home/zyme/ros_ws/Autoware_sim_test/install/localization_util:/home/zyme/ros_ws/Autoware_sim_test/install/tier4_autoware_utils:/home/zyme/ros_ws/Autoware_sim_test/install/lanelet2_extension:/home/zyme/ros_ws/Autoware_sim_test/install/autoware_utils:/home/zyme/ros_ws/Autoware_sim_test/install/autoware_auto_vehicle_msgs:/home/zyme/ros_ws/Autoware_sim_test/install/autoware_cmake:/home/zyme/ros_ws/Autoware_sim_test/install/autoware_auto_planning_msgs:/home/zyme/ros_ws/Autoware_sim_test/install/autoware_auto_perception_msgs:/home/zyme/ros_ws/Autoware_sim_test/install/tier4_localization_msgs:/home/zyme/ros_ws/Autoware_sim_test/install/tier4_debug_msgs:/home/zyme/ros_ws/Autoware_sim_test/install/autoware_planning_msgs:/home/zyme/ros_ws/Autoware_sim_test/install/autoware_auto_mapping_msgs:/home/zyme/ros_ws/Autoware_sim_test/install/autoware_auto_geometry_msgs:${AMENT_PREFIX_PATH} CMAKE_PREFIX_PATH=/home/zyme/ros_ws/Autoware_sim_test/install/landmark_manager:/home/zyme/ros_ws/Autoware_sim_test/install/localization_util:/home/zyme/ros_ws/Autoware_sim_test/install/tier4_autoware_utils:/home/zyme/ros_ws/Autoware_sim_test/install/lanelet2_extension:/home/zyme/ros_ws/Autoware_sim_test/install/autoware_utils:/home/zyme/ros_ws/Autoware_sim_test/install/autoware_auto_vehicle_msgs:/home/zyme/ros_ws/Autoware_sim_test/install/autoware_cmake:/home/zyme/ros_ws/Autoware_sim_test/install/autoware_auto_planning_msgs:/home/zyme/ros_ws/Autoware_sim_test/install/autoware_auto_perception_msgs:/home/zyme/ros_ws/Autoware_sim_test/install/tier4_localization_msgs:/home/zyme/ros_ws/Autoware_sim_test/install/tier4_debug_msgs:/home/zyme/ros_ws/Autoware_sim_test/install/autoware_planning_msgs:/home/zyme/ros_ws/Autoware_sim_test/install/autoware_auto_mapping_msgs:/home/zyme/ros_ws/Autoware_sim_test/install/autoware_auto_geometry_msgs:/opt/ros/humble LD_LIBRARY_PATH=/home/zyme/ros_ws/Autoware_sim_test/install/landmark_manager/lib:/home/zyme/ros_ws/Autoware_sim_test/install/localization_util/lib:/home/zyme/ros_ws/Autoware_sim_test/install/tier4_autoware_utils/lib:/home/zyme/ros_ws/Autoware_sim_test/install/lanelet2_extension/lib:/home/zyme/ros_ws/Autoware_sim_test/install/autoware_utils/lib:/home/zyme/ros_ws/Autoware_sim_test/install/autoware_auto_vehicle_msgs/lib:/home/zyme/ros_ws/Autoware_sim_test/install/autoware_auto_planning_msgs/lib:/home/zyme/ros_ws/Autoware_sim_test/install/autoware_auto_perception_msgs/lib:/home/zyme/ros_ws/Autoware_sim_test/install/tier4_localization_msgs/lib:/home/zyme/ros_ws/Autoware_sim_test/install/tier4_debug_msgs/lib:/home/zyme/ros_ws/Autoware_sim_test/install/autoware_planning_msgs/lib:/home/zyme/ros_ws/Autoware_sim_test/install/autoware_auto_mapping_msgs/lib:/home/zyme/ros_ws/Autoware_sim_test/install/autoware_auto_geometry_msgs/lib:${LD_LIBRARY_PATH} PYTHONPATH=/home/zyme/ros_ws/Autoware_sim_test/install/autoware_auto_vehicle_msgs/local/lib/python3.10/dist-packages:/home/zyme/ros_ws/Autoware_sim_test/install/autoware_auto_planning_msgs/local/lib/python3.10/dist-packages:/home/zyme/ros_ws/Autoware_sim_test/install/autoware_auto_perception_msgs/local/lib/python3.10/dist-packages:/home/zyme/ros_ws/Autoware_sim_test/install/tier4_localization_msgs/local/lib/python3.10/dist-packages:/home/zyme/ros_ws/Autoware_sim_test/install/tier4_debug_msgs/local/lib/python3.10/dist-packages:/home/zyme/ros_ws/Autoware_sim_test/install/autoware_planning_msgs/local/lib/python3.10/dist-packages:/home/zyme/ros_ws/Autoware_sim_test/install/autoware_auto_mapping_msgs/local/lib/python3.10/dist-packages:/home/zyme/ros_ws/Autoware_sim_test/install/autoware_auto_geometry_msgs/local/lib/python3.10/dist-packages:${PYTHONPATH} /usr/bin/cmake --build /home/zyme/ros_ws/Autoware_sim_test/build/ar_tag_based_localizer -- -j12 -l12
